Mock Version: 5.9
ENTER ['do_with_status'](['bash', '--login', '-c', '/usr/bin/rpmbuild -bs  --target x86_64 --nodeps /builddir/build/SPECS/libcpr.spec'], chrootPath='/var/lib/mock/sdk9/root'env={'TERM': 'vt100', 'SHELL': '/bin/bash', 'HOME': '/builddir', 'HOSTNAME': 'mock', 'PATH': '/usr/bin:/bin:/usr/sbin:/sbin', 'PROMPT_COMMAND': 'printf "\\033]0;<mock-chroot>\\007"', 'PS1': '<mock-chroot> \\s-\\v\\$ ', 'LANG': 'C.UTF-8'}shell=Falselogger=<mockbuild.trace_decorator.getLog object at 0x7f5928a80460>timeout=0uid=0gid=135user='mockbuild'unshare_net=FalseprintOutput=Truenspawn_args=['--capability=cap_ipc_lock', '--bind=/tmp/mock-resolv.29phujd7:/etc/resolv.conf', '--bind=/dev/mapper/control', '--bind=/dev/fuse', '--bind=/dev/loop-control', '--bind=/dev/loop0', '--bind=/dev/loop1', '--bind=/dev/loop2', '--bind=/dev/loop3', '--bind=/dev/loop4', '--bind=/dev/loop5', '--bind=/dev/loop6', '--bind=/dev/loop7', '--bind=/dev/loop8', '--bind=/dev/loop9', '--bind=/dev/loop10', '--bind=/dev/loop11'])
Using nspawn with args ['--capability=cap_ipc_lock', '--bind=/tmp/mock-resolv.29phujd7:/etc/resolv.conf', '--bind=/dev/mapper/control', '--bind=/dev/fuse', '--bind=/dev/loop-control', '--bind=/dev/loop0', '--bind=/dev/loop1', '--bind=/dev/loop2', '--bind=/dev/loop3', '--bind=/dev/loop4', '--bind=/dev/loop5', '--bind=/dev/loop6', '--bind=/dev/loop7', '--bind=/dev/loop8', '--bind=/dev/loop9', '--bind=/dev/loop10', '--bind=/dev/loop11']
Executing command: ['/usr/bin/systemd-nspawn', '-q', '-M', '0951699c587a477c8c2a279e9f58e1e2', '-D', '/var/lib/mock/sdk9/root', '-a', '-u', 'mockbuild', '--capability=cap_ipc_lock', '--bind=/tmp/mock-resolv.29phujd7:/etc/resolv.conf', '--bind=/dev/mapper/control', '--bind=/dev/fuse', '--bind=/dev/loop-control', '--bind=/dev/loop0', '--bind=/dev/loop1', '--bind=/dev/loop2', '--bind=/dev/loop3', '--bind=/dev/loop4', '--bind=/dev/loop5', '--bind=/dev/loop6', '--bind=/dev/loop7', '--bind=/dev/loop8', '--bind=/dev/loop9', '--bind=/dev/loop10', '--bind=/dev/loop11', '--console=pipe', '--setenv=TERM=vt100', '--setenv=SHELL=/bin/bash', '--setenv=HOME=/builddir', '--setenv=HOSTNAME=mock', '--setenv=PATH=/usr/bin:/bin:/usr/sbin:/sbin', '--setenv=PROMPT_COMMAND=printf "\\033]0;<mock-chroot>\\007"', '--setenv=PS1=<mock-chroot> \\s-\\v\\$ ', '--setenv=LANG=C.UTF-8', '--resolv-conf=off', 'bash', '--login', '-c', '/usr/bin/rpmbuild -bs  --target x86_64 --nodeps /builddir/build/SPECS/libcpr.spec'] with env {'TERM': 'vt100', 'SHELL': '/bin/bash', 'HOME': '/builddir', 'HOSTNAME': 'mock', 'PATH': '/usr/bin:/bin:/usr/sbin:/sbin', 'PROMPT_COMMAND': 'printf "\\033]0;<mock-chroot>\\007"', 'PS1': '<mock-chroot> \\s-\\v\\$ ', 'LANG': 'C.UTF-8', 'SYSTEMD_NSPAWN_TMPFS_TMP': '0', 'SYSTEMD_SECCOMP': '0'} and shell False
Building target platforms: x86_64
Building for target x86_64
setting SOURCE_DATE_EPOCH=1745452800
Wrote: /builddir/build/SRPMS/libcpr-1.10.4-1.el9.rb.src.rpm
Child return code was: 0
Mock Version: 5.9
ENTER ['do_with_status'](['bash', '--login', '-c', '/usr/bin/rpmbuild -bs  --target x86_64 --nodeps /builddir/build/SPECS/libcpr.spec'], chrootPath='/var/lib/mock/sdk9/root'env={'TERM': 'vt100', 'SHELL': '/bin/bash', 'HOME': '/builddir', 'HOSTNAME': 'mock', 'PATH': '/usr/bin:/bin:/usr/sbin:/sbin', 'PROMPT_COMMAND': 'printf "\\033]0;<mock-chroot>\\007"', 'PS1': '<mock-chroot> \\s-\\v\\$ ', 'LANG': 'C.UTF-8'}shell=Falselogger=<mockbuild.trace_decorator.getLog object at 0x7f88ecff5460>timeout=0uid=0gid=135user='mockbuild'unshare_net=FalseprintOutput=Truenspawn_args=['--capability=cap_ipc_lock', '--bind=/tmp/mock-resolv.rbd4hni1:/etc/resolv.conf', '--bind=/dev/mapper/control', '--bind=/dev/fuse', '--bind=/dev/loop-control', '--bind=/dev/loop0', '--bind=/dev/loop1', '--bind=/dev/loop2', '--bind=/dev/loop3', '--bind=/dev/loop4', '--bind=/dev/loop5', '--bind=/dev/loop6', '--bind=/dev/loop7', '--bind=/dev/loop8', '--bind=/dev/loop9', '--bind=/dev/loop10', '--bind=/dev/loop11'])
Using nspawn with args ['--capability=cap_ipc_lock', '--bind=/tmp/mock-resolv.rbd4hni1:/etc/resolv.conf', '--bind=/dev/mapper/control', '--bind=/dev/fuse', '--bind=/dev/loop-control', '--bind=/dev/loop0', '--bind=/dev/loop1', '--bind=/dev/loop2', '--bind=/dev/loop3', '--bind=/dev/loop4', '--bind=/dev/loop5', '--bind=/dev/loop6', '--bind=/dev/loop7', '--bind=/dev/loop8', '--bind=/dev/loop9', '--bind=/dev/loop10', '--bind=/dev/loop11']
Executing command: ['/usr/bin/systemd-nspawn', '-q', '-M', 'eaae259d7e364ea7b822c8a6af3277cb', '-D', '/var/lib/mock/sdk9/root', '-a', '-u', 'mockbuild', '--capability=cap_ipc_lock', '--bind=/tmp/mock-resolv.rbd4hni1:/etc/resolv.conf', '--bind=/dev/mapper/control', '--bind=/dev/fuse', '--bind=/dev/loop-control', '--bind=/dev/loop0', '--bind=/dev/loop1', '--bind=/dev/loop2', '--bind=/dev/loop3', '--bind=/dev/loop4', '--bind=/dev/loop5', '--bind=/dev/loop6', '--bind=/dev/loop7', '--bind=/dev/loop8', '--bind=/dev/loop9', '--bind=/dev/loop10', '--bind=/dev/loop11', '--console=pipe', '--setenv=TERM=vt100', '--setenv=SHELL=/bin/bash', '--setenv=HOME=/builddir', '--setenv=HOSTNAME=mock', '--setenv=PATH=/usr/bin:/bin:/usr/sbin:/sbin', '--setenv=PROMPT_COMMAND=printf "\\033]0;<mock-chroot>\\007"', '--setenv=PS1=<mock-chroot> \\s-\\v\\$ ', '--setenv=LANG=C.UTF-8', '--resolv-conf=off', 'bash', '--login', '-c', '/usr/bin/rpmbuild -bs  --target x86_64 --nodeps /builddir/build/SPECS/libcpr.spec'] with env {'TERM': 'vt100', 'SHELL': '/bin/bash', 'HOME': '/builddir', 'HOSTNAME': 'mock', 'PATH': '/usr/bin:/bin:/usr/sbin:/sbin', 'PROMPT_COMMAND': 'printf "\\033]0;<mock-chroot>\\007"', 'PS1': '<mock-chroot> \\s-\\v\\$ ', 'LANG': 'C.UTF-8', 'SYSTEMD_NSPAWN_TMPFS_TMP': '0', 'SYSTEMD_SECCOMP': '0'} and shell False
Building target platforms: x86_64
Building for target x86_64
setting SOURCE_DATE_EPOCH=1745452800
Wrote: /builddir/build/SRPMS/libcpr-1.10.4-1.el9.rb.src.rpm
Child return code was: 0
ENTER ['do_with_status'](['bash', '--login', '-c', '/usr/bin/rpmbuild -bb  --target x86_64 --nodeps /builddir/build/SPECS/libcpr.spec'], chrootPath='/var/lib/mock/sdk9/root'env={'TERM': 'vt100', 'SHELL': '/bin/bash', 'HOME': '/builddir', 'HOSTNAME': 'mock', 'PATH': '/usr/bin:/bin:/usr/sbin:/sbin', 'PROMPT_COMMAND': 'printf "\\033]0;<mock-chroot>\\007"', 'PS1': '<mock-chroot> \\s-\\v\\$ ', 'LANG': 'C.UTF-8'}shell=Falselogger=<mockbuild.trace_decorator.getLog object at 0x7f88ecff5460>timeout=0uid=0gid=135user='mockbuild'unshare_net=FalseprintOutput=Truenspawn_args=['--capability=cap_ipc_lock', '--bind=/tmp/mock-resolv.rbd4hni1:/etc/resolv.conf', '--bind=/dev/mapper/control', '--bind=/dev/fuse', '--bind=/dev/loop-control', '--bind=/dev/loop0', '--bind=/dev/loop1', '--bind=/dev/loop2', '--bind=/dev/loop3', '--bind=/dev/loop4', '--bind=/dev/loop5', '--bind=/dev/loop6', '--bind=/dev/loop7', '--bind=/dev/loop8', '--bind=/dev/loop9', '--bind=/dev/loop10', '--bind=/dev/loop11'])
Using nspawn with args ['--capability=cap_ipc_lock', '--bind=/tmp/mock-resolv.rbd4hni1:/etc/resolv.conf', '--bind=/dev/mapper/control', '--bind=/dev/fuse', '--bind=/dev/loop-control', '--bind=/dev/loop0', '--bind=/dev/loop1', '--bind=/dev/loop2', '--bind=/dev/loop3', '--bind=/dev/loop4', '--bind=/dev/loop5', '--bind=/dev/loop6', '--bind=/dev/loop7', '--bind=/dev/loop8', '--bind=/dev/loop9', '--bind=/dev/loop10', '--bind=/dev/loop11']
Executing command: ['/usr/bin/systemd-nspawn', '-q', '-M', '8324a06641b54dc698dd43ff60bd0c6f', '-D', '/var/lib/mock/sdk9/root', '-a', '-u', 'mockbuild', '--capability=cap_ipc_lock', '--bind=/tmp/mock-resolv.rbd4hni1:/etc/resolv.conf', '--bind=/dev/mapper/control', '--bind=/dev/fuse', '--bind=/dev/loop-control', '--bind=/dev/loop0', '--bind=/dev/loop1', '--bind=/dev/loop2', '--bind=/dev/loop3', '--bind=/dev/loop4', '--bind=/dev/loop5', '--bind=/dev/loop6', '--bind=/dev/loop7', '--bind=/dev/loop8', '--bind=/dev/loop9', '--bind=/dev/loop10', '--bind=/dev/loop11', '--console=pipe', '--setenv=TERM=vt100', '--setenv=SHELL=/bin/bash', '--setenv=HOME=/builddir', '--setenv=HOSTNAME=mock', '--setenv=PATH=/usr/bin:/bin:/usr/sbin:/sbin', '--setenv=PROMPT_COMMAND=printf "\\033]0;<mock-chroot>\\007"', '--setenv=PS1=<mock-chroot> \\s-\\v\\$ ', '--setenv=LANG=C.UTF-8', '--resolv-conf=off', 'bash', '--login', '-c', '/usr/bin/rpmbuild -bb  --target x86_64 --nodeps /builddir/build/SPECS/libcpr.spec'] with env {'TERM': 'vt100', 'SHELL': '/bin/bash', 'HOME': '/builddir', 'HOSTNAME': 'mock', 'PATH': '/usr/bin:/bin:/usr/sbin:/sbin', 'PROMPT_COMMAND': 'printf "\\033]0;<mock-chroot>\\007"', 'PS1': '<mock-chroot> \\s-\\v\\$ ', 'LANG': 'C.UTF-8', 'SYSTEMD_NSPAWN_TMPFS_TMP': '0', 'SYSTEMD_SECCOMP': '0'} and shell False
Building target platforms: x86_64
Building for target x86_64
setting SOURCE_DATE_EPOCH=1745452800
Executing(%prep): /bin/sh -e /var/tmp/rpm-tmp.07j7F7
+ umask 022
+ cd /builddir/build/BUILD
+ cd /builddir/build/BUILD
+ rm -rf libcpr-1.10.4
+ /usr/bin/gzip -dc /builddir/build/SOURCES/libcpr-1.10.4.tar.gz
+ /usr/bin/tar -xof -
+ STATUS=0
+ '[' 0 -ne 0 ']'
+ cd libcpr-1.10.4
+ /usr/bin/chmod -Rf a+rX,u+w,g-w,o-w .
+ RPM_EC=0
++ jobs -p
+ exit 0
Executing(%build): /bin/sh -e /var/tmp/rpm-tmp.BbNxYX
+ umask 022
+ cd /builddir/build/BUILD
+ cd libcpr-1.10.4
+ CFLAGS='-O2 -flto=auto -ffat-lto-objects -fexceptions -g -grecord-gcc-switches -pipe -Wall -Werror=format-security -Wp,-D_FORTIFY_SOURCE=2 -Wp,-D_GLIBCXX_ASSERTIONS -specs=/usr/lib/rpm/redhat/redhat-hardened-cc1 -fstack-protector-strong -specs=/usr/lib/rpm/redhat/redhat-annobin-cc1  -m64 -march=x86-64-v2 -mtune=generic -fasynchronous-unwind-tables -fstack-clash-protection -fcf-protection'
+ export CFLAGS
+ CXXFLAGS='-O2 -flto=auto -ffat-lto-objects -fexceptions -g -grecord-gcc-switches -pipe -Wall -Werror=format-security -Wp,-D_FORTIFY_SOURCE=2 -Wp,-D_GLIBCXX_ASSERTIONS -specs=/usr/lib/rpm/redhat/redhat-hardened-cc1 -fstack-protector-strong -specs=/usr/lib/rpm/redhat/redhat-annobin-cc1  -m64 -march=x86-64-v2 -mtune=generic -fasynchronous-unwind-tables -fstack-clash-protection -fcf-protection'
+ export CXXFLAGS
+ FFLAGS='-O2 -flto=auto -ffat-lto-objects -fexceptions -g -grecord-gcc-switches -pipe -Wall -Werror=format-security -Wp,-D_FORTIFY_SOURCE=2 -Wp,-D_GLIBCXX_ASSERTIONS -specs=/usr/lib/rpm/redhat/redhat-hardened-cc1 -fstack-protector-strong -specs=/usr/lib/rpm/redhat/redhat-annobin-cc1  -m64 -march=x86-64-v2 -mtune=generic -fasynchronous-unwind-tables -fstack-clash-protection -fcf-protection -I/usr/lib64/gfortran/modules'
+ export FFLAGS
+ FCFLAGS='-O2 -flto=auto -ffat-lto-objects -fexceptions -g -grecord-gcc-switches -pipe -Wall -Werror=format-security -Wp,-D_FORTIFY_SOURCE=2 -Wp,-D_GLIBCXX_ASSERTIONS -specs=/usr/lib/rpm/redhat/redhat-hardened-cc1 -fstack-protector-strong -specs=/usr/lib/rpm/redhat/redhat-annobin-cc1  -m64 -march=x86-64-v2 -mtune=generic -fasynchronous-unwind-tables -fstack-clash-protection -fcf-protection -I/usr/lib64/gfortran/modules'
+ export FCFLAGS
+ LDFLAGS='-Wl,-z,relro -Wl,--as-needed  -Wl,-z,now -specs=/usr/lib/rpm/redhat/redhat-hardened-ld -specs=/usr/lib/rpm/redhat/redhat-annobin-cc1 '
+ export LDFLAGS
+ LT_SYS_LIBRARY_PATH=/usr/lib64:
+ export LT_SYS_LIBRARY_PATH
+ CC=gcc
+ export CC
+ CXX=g++
+ export CXX
+ /usr/bin/cmake -S . -B redhat-linux-build -DCMAKE_C_FLAGS_RELEASE:STRING=-DNDEBUG -DCMAKE_CXX_FLAGS_RELEASE:STRING=-DNDEBUG -DCMAKE_Fortran_FLAGS_RELEASE:STRING=-DNDEBUG -DCMAKE_VERBOSE_MAKEFILE:BOOL=ON -DCMAKE_INSTALL_DO_STRIP:BOOL=OFF -DCMAKE_INSTALL_PREFIX:PATH=/usr -DINCLUDE_INSTALL_DIR:PATH=/usr/include -DLIB_INSTALL_DIR:PATH=/usr/lib64 -DSYSCONF_INSTALL_DIR:PATH=/etc -DSHARE_INSTALL_PREFIX:PATH=/usr/share -DLIB_SUFFIX=64 -DBUILD_SHARED_LIBS:BOOL=ON -DCPR_USE_SYSTEM_CURL=ON -DCMAKE_BUILD_TYPE=Release -DBUILD_SHARED_LIBS=OFF -DCMAKE_INSTALL_PREFIX=/usr
-- The CXX compiler identification is GNU 11.5.0
-- Detecting CXX compiler ABI info
-- Detecting CXX compiler ABI info - done
-- Check for working CXX compiler: /usr/bin/g++ - skipped
-- Detecting CXX compile features
-- Detecting CXX compile features - done
-- CXX standard: 17
-- C++ Requests CMake Options
-- =======================================================
--   CPR_GENERATE_COVERAGE: OFF
--   CPR_CURL_NOSIGNAL: OFF
--   CURL_VERBOSE_LOGGING: OFF
--   CPR_USE_SYSTEM_GTEST: OFF
--   CPR_USE_SYSTEM_CURL: ON
--   CPR_ENABLE_CURL_HTTP_ONLY: ON
--   CPR_ENABLE_SSL: ON
--   CPR_FORCE_OPENSSL_BACKEND: OFF
--   CPR_FORCE_WINSSL_BACKEND: OFF
--   CPR_FORCE_DARWINSSL_BACKEND: OFF
--   CPR_FORCE_MBEDTLS_BACKEND: OFF
--   CPR_ENABLE_LINTING: OFF
--   CPR_ENABLE_CPPCHECK: OFF
--   CPR_BUILD_TESTS: OFF
--   CPR_BUILD_TESTS_SSL: OFF
--   CPR_BUILD_TESTS_PROXY: OFF
--   CPR_BUILD_VERSION_OUTPUT_ONLY: OFF
--   CPR_SKIP_CA_BUNDLE_SEARCH: OFF
--   CPR_USE_BOOST_FILESYSTEM: OFF
--   CPR_DEBUG_SANITIZER_FLAG_THREAD: OFF
--   CPR_DEBUG_SANITIZER_FLAG_ADDR: OFF
--   CPR_DEBUG_SANITIZER_FLAG_LEAK: OFF
--   CPR_DEBUG_SANITIZER_FLAG_UB: OFF
--   CPR_DEBUG_SANITIZER_FLAG_ALL: OFF
-- =======================================================
-- Automatically detecting SSL backend.
-- Detecting SSL backend...
-- Found OpenSSL: /usr/lib64/libcrypto.so (found version "3.2.2")  
-- SSL auto detect: Using OpenSSL.
-- Found CURL: /usr/lib64/libcurl.so (found version "7.76.1") found components: HTTP HTTPS 
-- Curl 7.76.1 found on this system.
-- Configuring done (0.8s)
-- Generating done (0.0s)
CMake Warning:
  Manually-specified variables were not used by the project:
    CMAKE_C_FLAGS_RELEASE
    CMAKE_Fortran_FLAGS_RELEASE
    CMAKE_INSTALL_DO_STRIP
    INCLUDE_INSTALL_DIR
    LIB_INSTALL_DIR
    LIB_SUFFIX
    SHARE_INSTALL_PREFIX
    SYSCONF_INSTALL_DIR
-- Build files have been written to: /builddir/build/BUILD/libcpr-1.10.4/redhat-linux-build
+ /usr/bin/cmake --build redhat-linux-build -j12 --verbose
/usr/bin/cmake -S/builddir/build/BUILD/libcpr-1.10.4 -B/builddir/build/BUILD/libcpr-1.10.4/redhat-linux-build --check-build-system CMakeFiles/Makefile.cmake 0
/usr/bin/cmake -E cmake_progress_start /builddir/build/BUILD/libcpr-1.10.4/redhat-linux-build/CMakeFiles /builddir/build/BUILD/libcpr-1.10.4/redhat-linux-build//CMakeFiles/progress.marks
/usr/bin/gmake  -f CMakeFiles/Makefile2 all
gmake[1]: Entering directory '/builddir/build/BUILD/libcpr-1.10.4/redhat-linux-build'
/usr/bin/gmake  -f cpr/CMakeFiles/cpr.dir/build.make cpr/CMakeFiles/cpr.dir/depend
gmake[2]: Entering directory '/builddir/build/BUILD/libcpr-1.10.4/redhat-linux-build'
cd /builddir/build/BUILD/libcpr-1.10.4/redhat-linux-build && /usr/bin/cmake -E cmake_depends "Unix Makefiles" /builddir/build/BUILD/libcpr-1.10.4 /builddir/build/BUILD/libcpr-1.10.4/cpr /builddir/build/BUILD/libcpr-1.10.4/redhat-linux-build /builddir/build/BUILD/libcpr-1.10.4/redhat-linux-build/cpr /builddir/build/BUILD/libcpr-1.10.4/redhat-linux-build/cpr/CMakeFiles/cpr.dir/DependInfo.cmake --color=
gmake[2]: Leaving directory '/builddir/build/BUILD/libcpr-1.10.4/redhat-linux-build'
/usr/bin/gmake  -f cpr/CMakeFiles/cpr.dir/build.make cpr/CMakeFiles/cpr.dir/build
gmake[2]: Entering directory '/builddir/build/BUILD/libcpr-1.10.4/redhat-linux-build'
[ 14%] Building CXX object cpr/CMakeFiles/cpr.dir/accept_encoding.cpp.o
[ 17%] Building CXX object cpr/CMakeFiles/cpr.dir/cert_info.cpp.o
[ 17%] Building CXX object cpr/CMakeFiles/cpr.dir/callback.cpp.o
[ 17%] Building CXX object cpr/CMakeFiles/cpr.dir/async.cpp.o
[ 17%] Building CXX object cpr/CMakeFiles/cpr.dir/cookies.cpp.o
[ 25%] Building CXX object cpr/CMakeFiles/cpr.dir/auth.cpp.o
[ 25%] Building CXX object cpr/CMakeFiles/cpr.dir/curl_container.cpp.o
[ 28%] Building CXX object cpr/CMakeFiles/cpr.dir/error.cpp.o
[ 32%] Building CXX object cpr/CMakeFiles/cpr.dir/cprtypes.cpp.o
[ 35%] Building CXX object cpr/CMakeFiles/cpr.dir/file.cpp.o
cd /builddir/build/BUILD/libcpr-1.10.4/redhat-linux-build/cpr && /usr/bin/g++ -DCPR_ENABLE_CURL_HTTP_ONLY -DCPR_ENABLE_SSL -DCPR_USE_SYSTEM_CURL -DOPENSSL_BACKEND_USED -I/builddir/build/BUILD/libcpr-1.10.4/include -I/builddir/build/BUILD/libcpr-1.10.4/redhat-linux-build/cpr_generated_includes -O2 -flto=auto -ffat-lto-objects -fexceptions -g -grecord-gcc-switches -pipe -Wall -Werror=format-security -Wp,-D_FORTIFY_SOURCE=2 -Wp,-D_GLIBCXX_ASSERTIONS -specs=/usr/lib/rpm/redhat/redhat-hardened-cc1 -fstack-protector-strong -specs=/usr/lib/rpm/redhat/redhat-annobin-cc1  -m64 -march=x86-64-v2 -mtune=generic -fasynchronous-unwind-tables -fstack-clash-protection -fcf-protection -Wall -Wextra -Wpedantic -Werror -DNDEBUG -std=gnu++17 -MD -MT cpr/CMakeFiles/cpr.dir/accept_encoding.cpp.o -MF CMakeFiles/cpr.dir/accept_encoding.cpp.o.d -o CMakeFiles/cpr.dir/accept_encoding.cpp.o -c /builddir/build/BUILD/libcpr-1.10.4/cpr/accept_encoding.cpp
[ 39%] Building CXX object cpr/CMakeFiles/cpr.dir/curlholder.cpp.o
cd /builddir/build/BUILD/libcpr-1.10.4/redhat-linux-build/cpr && /usr/bin/g++ -DCPR_ENABLE_CURL_HTTP_ONLY -DCPR_ENABLE_SSL -DCPR_USE_SYSTEM_CURL -DOPENSSL_BACKEND_USED -I/builddir/build/BUILD/libcpr-1.10.4/include -I/builddir/build/BUILD/libcpr-1.10.4/redhat-linux-build/cpr_generated_includes -O2 -flto=auto -ffat-lto-objects -fexceptions -g -grecord-gcc-switches -pipe -Wall -Werror=format-security -Wp,-D_FORTIFY_SOURCE=2 -Wp,-D_GLIBCXX_ASSERTIONS -specs=/usr/lib/rpm/redhat/redhat-hardened-cc1 -fstack-protector-strong -specs=/usr/lib/rpm/redhat/redhat-annobin-cc1  -m64 -march=x86-64-v2 -mtune=generic -fasynchronous-unwind-tables -fstack-clash-protection -fcf-protection -Wall -Wextra -Wpedantic -Werror -DNDEBUG -std=gnu++17 -MD -MT cpr/CMakeFiles/cpr.dir/async.cpp.o -MF CMakeFiles/cpr.dir/async.cpp.o.d -o CMakeFiles/cpr.dir/async.cpp.o -c /builddir/build/BUILD/libcpr-1.10.4/cpr/async.cpp
cd /builddir/build/BUILD/libcpr-1.10.4/redhat-linux-build/cpr && /usr/bin/g++ -DCPR_ENABLE_CURL_HTTP_ONLY -DCPR_ENABLE_SSL -DCPR_USE_SYSTEM_CURL -DOPENSSL_BACKEND_USED -I/builddir/build/BUILD/libcpr-1.10.4/include -I/builddir/build/BUILD/libcpr-1.10.4/redhat-linux-build/cpr_generated_includes -O2 -flto=auto -ffat-lto-objects -fexceptions -g -grecord-gcc-switches -pipe -Wall -Werror=format-security -Wp,-D_FORTIFY_SOURCE=2 -Wp,-D_GLIBCXX_ASSERTIONS -specs=/usr/lib/rpm/redhat/redhat-hardened-cc1 -fstack-protector-strong -specs=/usr/lib/rpm/redhat/redhat-annobin-cc1  -m64 -march=x86-64-v2 -mtune=generic -fasynchronous-unwind-tables -fstack-clash-protection -fcf-protection -Wall -Wextra -Wpedantic -Werror -DNDEBUG -std=gnu++17 -MD -MT cpr/CMakeFiles/cpr.dir/auth.cpp.o -MF CMakeFiles/cpr.dir/auth.cpp.o.d -o CMakeFiles/cpr.dir/auth.cpp.o -c /builddir/build/BUILD/libcpr-1.10.4/cpr/auth.cpp
cd /builddir/build/BUILD/libcpr-1.10.4/redhat-linux-build/cpr && /usr/bin/g++ -DCPR_ENABLE_CURL_HTTP_ONLY -DCPR_ENABLE_SSL -DCPR_USE_SYSTEM_CURL -DOPENSSL_BACKEND_USED -I/builddir/build/BUILD/libcpr-1.10.4/include -I/builddir/build/BUILD/libcpr-1.10.4/redhat-linux-build/cpr_generated_includes -O2 -flto=auto -ffat-lto-objects -fexceptions -g -grecord-gcc-switches -pipe -Wall -Werror=format-security -Wp,-D_FORTIFY_SOURCE=2 -Wp,-D_GLIBCXX_ASSERTIONS -specs=/usr/lib/rpm/redhat/redhat-hardened-cc1 -fstack-protector-strong -specs=/usr/lib/rpm/redhat/redhat-annobin-cc1  -m64 -march=x86-64-v2 -mtune=generic -fasynchronous-unwind-tables -fstack-clash-protection -fcf-protection -Wall -Wextra -Wpedantic -Werror -DNDEBUG -std=gnu++17 -MD -MT cpr/CMakeFiles/cpr.dir/callback.cpp.o -MF CMakeFiles/cpr.dir/callback.cpp.o.d -o CMakeFiles/cpr.dir/callback.cpp.o -c /builddir/build/BUILD/libcpr-1.10.4/cpr/callback.cpp
[ 42%] Building CXX object cpr/CMakeFiles/cpr.dir/multipart.cpp.o
cd /builddir/build/BUILD/libcpr-1.10.4/redhat-linux-build/cpr && /usr/bin/g++ -DCPR_ENABLE_CURL_HTTP_ONLY -DCPR_ENABLE_SSL -DCPR_USE_SYSTEM_CURL -DOPENSSL_BACKEND_USED -I/builddir/build/BUILD/libcpr-1.10.4/include -I/builddir/build/BUILD/libcpr-1.10.4/redhat-linux-build/cpr_generated_includes -O2 -flto=auto -ffat-lto-objects -fexceptions -g -grecord-gcc-switches -pipe -Wall -Werror=format-security -Wp,-D_FORTIFY_SOURCE=2 -Wp,-D_GLIBCXX_ASSERTIONS -specs=/usr/lib/rpm/redhat/redhat-hardened-cc1 -fstack-protector-strong -specs=/usr/lib/rpm/redhat/redhat-annobin-cc1  -m64 -march=x86-64-v2 -mtune=generic -fasynchronous-unwind-tables -fstack-clash-protection -fcf-protection -Wall -Wextra -Wpedantic -Werror -DNDEBUG -std=gnu++17 -MD -MT cpr/CMakeFiles/cpr.dir/cert_info.cpp.o -MF CMakeFiles/cpr.dir/cert_info.cpp.o.d -o CMakeFiles/cpr.dir/cert_info.cpp.o -c /builddir/build/BUILD/libcpr-1.10.4/cpr/cert_info.cpp
cd /builddir/build/BUILD/libcpr-1.10.4/redhat-linux-build/cpr && /usr/bin/g++ -DCPR_ENABLE_CURL_HTTP_ONLY -DCPR_ENABLE_SSL -DCPR_USE_SYSTEM_CURL -DOPENSSL_BACKEND_USED -I/builddir/build/BUILD/libcpr-1.10.4/include -I/builddir/build/BUILD/libcpr-1.10.4/redhat-linux-build/cpr_generated_includes -O2 -flto=auto -ffat-lto-objects -fexceptions -g -grecord-gcc-switches -pipe -Wall -Werror=format-security -Wp,-D_FORTIFY_SOURCE=2 -Wp,-D_GLIBCXX_ASSERTIONS -specs=/usr/lib/rpm/redhat/redhat-hardened-cc1 -fstack-protector-strong -specs=/usr/lib/rpm/redhat/redhat-annobin-cc1  -m64 -march=x86-64-v2 -mtune=generic -fasynchronous-unwind-tables -fstack-clash-protection -fcf-protection -Wall -Wextra -Wpedantic -Werror -DNDEBUG -std=gnu++17 -MD -MT cpr/CMakeFiles/cpr.dir/cookies.cpp.o -MF CMakeFiles/cpr.dir/cookies.cpp.o.d -o CMakeFiles/cpr.dir/cookies.cpp.o -c /builddir/build/BUILD/libcpr-1.10.4/cpr/cookies.cpp
cd /builddir/build/BUILD/libcpr-1.10.4/redhat-linux-build/cpr && /usr/bin/g++ -DCPR_ENABLE_CURL_HTTP_ONLY -DCPR_ENABLE_SSL -DCPR_USE_SYSTEM_CURL -DOPENSSL_BACKEND_USED -I/builddir/build/BUILD/libcpr-1.10.4/include -I/builddir/build/BUILD/libcpr-1.10.4/redhat-linux-build/cpr_generated_includes -O2 -flto=auto -ffat-lto-objects -fexceptions -g -grecord-gcc-switches -pipe -Wall -Werror=format-security -Wp,-D_FORTIFY_SOURCE=2 -Wp,-D_GLIBCXX_ASSERTIONS -specs=/usr/lib/rpm/redhat/redhat-hardened-cc1 -fstack-protector-strong -specs=/usr/lib/rpm/redhat/redhat-annobin-cc1  -m64 -march=x86-64-v2 -mtune=generic -fasynchronous-unwind-tables -fstack-clash-protection -fcf-protection -Wall -Wextra -Wpedantic -Werror -DNDEBUG -std=gnu++17 -MD -MT cpr/CMakeFiles/cpr.dir/cprtypes.cpp.o -MF CMakeFiles/cpr.dir/cprtypes.cpp.o.d -o CMakeFiles/cpr.dir/cprtypes.cpp.o -c /builddir/build/BUILD/libcpr-1.10.4/cpr/cprtypes.cpp
cd /builddir/build/BUILD/libcpr-1.10.4/redhat-linux-build/cpr && /usr/bin/g++ -DCPR_ENABLE_CURL_HTTP_ONLY -DCPR_ENABLE_SSL -DCPR_USE_SYSTEM_CURL -DOPENSSL_BACKEND_USED -I/builddir/build/BUILD/libcpr-1.10.4/include -I/builddir/build/BUILD/libcpr-1.10.4/redhat-linux-build/cpr_generated_includes -O2 -flto=auto -ffat-lto-objects -fexceptions -g -grecord-gcc-switches -pipe -Wall -Werror=format-security -Wp,-D_FORTIFY_SOURCE=2 -Wp,-D_GLIBCXX_ASSERTIONS -specs=/usr/lib/rpm/redhat/redhat-hardened-cc1 -fstack-protector-strong -specs=/usr/lib/rpm/redhat/redhat-annobin-cc1  -m64 -march=x86-64-v2 -mtune=generic -fasynchronous-unwind-tables -fstack-clash-protection -fcf-protection -Wall -Wextra -Wpedantic -Werror -DNDEBUG -std=gnu++17 -MD -MT cpr/CMakeFiles/cpr.dir/curl_container.cpp.o -MF CMakeFiles/cpr.dir/curl_container.cpp.o.d -o CMakeFiles/cpr.dir/curl_container.cpp.o -c /builddir/build/BUILD/libcpr-1.10.4/cpr/curl_container.cpp
cd /builddir/build/BUILD/libcpr-1.10.4/redhat-linux-build/cpr && /usr/bin/g++ -DCPR_ENABLE_CURL_HTTP_ONLY -DCPR_ENABLE_SSL -DCPR_USE_SYSTEM_CURL -DOPENSSL_BACKEND_USED -I/builddir/build/BUILD/libcpr-1.10.4/include -I/builddir/build/BUILD/libcpr-1.10.4/redhat-linux-build/cpr_generated_includes -O2 -flto=auto -ffat-lto-objects -fexceptions -g -grecord-gcc-switches -pipe -Wall -Werror=format-security -Wp,-D_FORTIFY_SOURCE=2 -Wp,-D_GLIBCXX_ASSERTIONS -specs=/usr/lib/rpm/redhat/redhat-hardened-cc1 -fstack-protector-strong -specs=/usr/lib/rpm/redhat/redhat-annobin-cc1  -m64 -march=x86-64-v2 -mtune=generic -fasynchronous-unwind-tables -fstack-clash-protection -fcf-protection -Wall -Wextra -Wpedantic -Werror -DNDEBUG -std=gnu++17 -MD -MT cpr/CMakeFiles/cpr.dir/curlholder.cpp.o -MF CMakeFiles/cpr.dir/curlholder.cpp.o.d -o CMakeFiles/cpr.dir/curlholder.cpp.o -c /builddir/build/BUILD/libcpr-1.10.4/cpr/curlholder.cpp
cd /builddir/build/BUILD/libcpr-1.10.4/redhat-linux-build/cpr && /usr/bin/g++ -DCPR_ENABLE_CURL_HTTP_ONLY -DCPR_ENABLE_SSL -DCPR_USE_SYSTEM_CURL -DOPENSSL_BACKEND_USED -I/builddir/build/BUILD/libcpr-1.10.4/include -I/builddir/build/BUILD/libcpr-1.10.4/redhat-linux-build/cpr_generated_includes -O2 -flto=auto -ffat-lto-objects -fexceptions -g -grecord-gcc-switches -pipe -Wall -Werror=format-security -Wp,-D_FORTIFY_SOURCE=2 -Wp,-D_GLIBCXX_ASSERTIONS -specs=/usr/lib/rpm/redhat/redhat-hardened-cc1 -fstack-protector-strong -specs=/usr/lib/rpm/redhat/redhat-annobin-cc1  -m64 -march=x86-64-v2 -mtune=generic -fasynchronous-unwind-tables -fstack-clash-protection -fcf-protection -Wall -Wextra -Wpedantic -Werror -DNDEBUG -std=gnu++17 -MD -MT cpr/CMakeFiles/cpr.dir/error.cpp.o -MF CMakeFiles/cpr.dir/error.cpp.o.d -o CMakeFiles/cpr.dir/error.cpp.o -c /builddir/build/BUILD/libcpr-1.10.4/cpr/error.cpp
cd /builddir/build/BUILD/libcpr-1.10.4/redhat-linux-build/cpr && /usr/bin/g++ -DCPR_ENABLE_CURL_HTTP_ONLY -DCPR_ENABLE_SSL -DCPR_USE_SYSTEM_CURL -DOPENSSL_BACKEND_USED -I/builddir/build/BUILD/libcpr-1.10.4/include -I/builddir/build/BUILD/libcpr-1.10.4/redhat-linux-build/cpr_generated_includes -O2 -flto=auto -ffat-lto-objects -fexceptions -g -grecord-gcc-switches -pipe -Wall -Werror=format-security -Wp,-D_FORTIFY_SOURCE=2 -Wp,-D_GLIBCXX_ASSERTIONS -specs=/usr/lib/rpm/redhat/redhat-hardened-cc1 -fstack-protector-strong -specs=/usr/lib/rpm/redhat/redhat-annobin-cc1  -m64 -march=x86-64-v2 -mtune=generic -fasynchronous-unwind-tables -fstack-clash-protection -fcf-protection -Wall -Wextra -Wpedantic -Werror -DNDEBUG -std=gnu++17 -MD -MT cpr/CMakeFiles/cpr.dir/file.cpp.o -MF CMakeFiles/cpr.dir/file.cpp.o.d -o CMakeFiles/cpr.dir/file.cpp.o -c /builddir/build/BUILD/libcpr-1.10.4/cpr/file.cpp
cd /builddir/build/BUILD/libcpr-1.10.4/redhat-linux-build/cpr && /usr/bin/g++ -DCPR_ENABLE_CURL_HTTP_ONLY -DCPR_ENABLE_SSL -DCPR_USE_SYSTEM_CURL -DOPENSSL_BACKEND_USED -I/builddir/build/BUILD/libcpr-1.10.4/include -I/builddir/build/BUILD/libcpr-1.10.4/redhat-linux-build/cpr_generated_includes -O2 -flto=auto -ffat-lto-objects -fexceptions -g -grecord-gcc-switches -pipe -Wall -Werror=format-security -Wp,-D_FORTIFY_SOURCE=2 -Wp,-D_GLIBCXX_ASSERTIONS -specs=/usr/lib/rpm/redhat/redhat-hardened-cc1 -fstack-protector-strong -specs=/usr/lib/rpm/redhat/redhat-annobin-cc1  -m64 -march=x86-64-v2 -mtune=generic -fasynchronous-unwind-tables -fstack-clash-protection -fcf-protection -Wall -Wextra -Wpedantic -Werror -DNDEBUG -std=gnu++17 -MD -MT cpr/CMakeFiles/cpr.dir/multipart.cpp.o -MF CMakeFiles/cpr.dir/multipart.cpp.o.d -o CMakeFiles/cpr.dir/multipart.cpp.o -c /builddir/build/BUILD/libcpr-1.10.4/cpr/multipart.cpp
[ 46%] Building CXX object cpr/CMakeFiles/cpr.dir/parameters.cpp.o
cd /builddir/build/BUILD/libcpr-1.10.4/redhat-linux-build/cpr && /usr/bin/g++ -DCPR_ENABLE_CURL_HTTP_ONLY -DCPR_ENABLE_SSL -DCPR_USE_SYSTEM_CURL -DOPENSSL_BACKEND_USED -I/builddir/build/BUILD/libcpr-1.10.4/include -I/builddir/build/BUILD/libcpr-1.10.4/redhat-linux-build/cpr_generated_includes -O2 -flto=auto -ffat-lto-objects -fexceptions -g -grecord-gcc-switches -pipe -Wall -Werror=format-security -Wp,-D_FORTIFY_SOURCE=2 -Wp,-D_GLIBCXX_ASSERTIONS -specs=/usr/lib/rpm/redhat/redhat-hardened-cc1 -fstack-protector-strong -specs=/usr/lib/rpm/redhat/redhat-annobin-cc1  -m64 -march=x86-64-v2 -mtune=generic -fasynchronous-unwind-tables -fstack-clash-protection -fcf-protection -Wall -Wextra -Wpedantic -Werror -DNDEBUG -std=gnu++17 -MD -MT cpr/CMakeFiles/cpr.dir/parameters.cpp.o -MF CMakeFiles/cpr.dir/parameters.cpp.o.d -o CMakeFiles/cpr.dir/parameters.cpp.o -c /builddir/build/BUILD/libcpr-1.10.4/cpr/parameters.cpp
[ 50%] Building CXX object cpr/CMakeFiles/cpr.dir/payload.cpp.o
cd /builddir/build/BUILD/libcpr-1.10.4/redhat-linux-build/cpr && /usr/bin/g++ -DCPR_ENABLE_CURL_HTTP_ONLY -DCPR_ENABLE_SSL -DCPR_USE_SYSTEM_CURL -DOPENSSL_BACKEND_USED -I/builddir/build/BUILD/libcpr-1.10.4/include -I/builddir/build/BUILD/libcpr-1.10.4/redhat-linux-build/cpr_generated_includes -O2 -flto=auto -ffat-lto-objects -fexceptions -g -grecord-gcc-switches -pipe -Wall -Werror=format-security -Wp,-D_FORTIFY_SOURCE=2 -Wp,-D_GLIBCXX_ASSERTIONS -specs=/usr/lib/rpm/redhat/redhat-hardened-cc1 -fstack-protector-strong -specs=/usr/lib/rpm/redhat/redhat-annobin-cc1  -m64 -march=x86-64-v2 -mtune=generic -fasynchronous-unwind-tables -fstack-clash-protection -fcf-protection -Wall -Wextra -Wpedantic -Werror -DNDEBUG -std=gnu++17 -MD -MT cpr/CMakeFiles/cpr.dir/payload.cpp.o -MF CMakeFiles/cpr.dir/payload.cpp.o.d -o CMakeFiles/cpr.dir/payload.cpp.o -c /builddir/build/BUILD/libcpr-1.10.4/cpr/payload.cpp
[ 53%] Building CXX object cpr/CMakeFiles/cpr.dir/proxies.cpp.o
cd /builddir/build/BUILD/libcpr-1.10.4/redhat-linux-build/cpr && /usr/bin/g++ -DCPR_ENABLE_CURL_HTTP_ONLY -DCPR_ENABLE_SSL -DCPR_USE_SYSTEM_CURL -DOPENSSL_BACKEND_USED -I/builddir/build/BUILD/libcpr-1.10.4/include -I/builddir/build/BUILD/libcpr-1.10.4/redhat-linux-build/cpr_generated_includes -O2 -flto=auto -ffat-lto-objects -fexceptions -g -grecord-gcc-switches -pipe -Wall -Werror=format-security -Wp,-D_FORTIFY_SOURCE=2 -Wp,-D_GLIBCXX_ASSERTIONS -specs=/usr/lib/rpm/redhat/redhat-hardened-cc1 -fstack-protector-strong -specs=/usr/lib/rpm/redhat/redhat-annobin-cc1  -m64 -march=x86-64-v2 -mtune=generic -fasynchronous-unwind-tables -fstack-clash-protection -fcf-protection -Wall -Wextra -Wpedantic -Werror -DNDEBUG -std=gnu++17 -MD -MT cpr/CMakeFiles/cpr.dir/proxies.cpp.o -MF CMakeFiles/cpr.dir/proxies.cpp.o.d -o CMakeFiles/cpr.dir/proxies.cpp.o -c /builddir/build/BUILD/libcpr-1.10.4/cpr/proxies.cpp
[ 57%] Building CXX object cpr/CMakeFiles/cpr.dir/proxyauth.cpp.o
cd /builddir/build/BUILD/libcpr-1.10.4/redhat-linux-build/cpr && /usr/bin/g++ -DCPR_ENABLE_CURL_HTTP_ONLY -DCPR_ENABLE_SSL -DCPR_USE_SYSTEM_CURL -DOPENSSL_BACKEND_USED -I/builddir/build/BUILD/libcpr-1.10.4/include -I/builddir/build/BUILD/libcpr-1.10.4/redhat-linux-build/cpr_generated_includes -O2 -flto=auto -ffat-lto-objects -fexceptions -g -grecord-gcc-switches -pipe -Wall -Werror=format-security -Wp,-D_FORTIFY_SOURCE=2 -Wp,-D_GLIBCXX_ASSERTIONS -specs=/usr/lib/rpm/redhat/redhat-hardened-cc1 -fstack-protector-strong -specs=/usr/lib/rpm/redhat/redhat-annobin-cc1  -m64 -march=x86-64-v2 -mtune=generic -fasynchronous-unwind-tables -fstack-clash-protection -fcf-protection -Wall -Wextra -Wpedantic -Werror -DNDEBUG -std=gnu++17 -MD -MT cpr/CMakeFiles/cpr.dir/proxyauth.cpp.o -MF CMakeFiles/cpr.dir/proxyauth.cpp.o.d -o CMakeFiles/cpr.dir/proxyauth.cpp.o -c /builddir/build/BUILD/libcpr-1.10.4/cpr/proxyauth.cpp
[ 60%] Building CXX object cpr/CMakeFiles/cpr.dir/session.cpp.o
cd /builddir/build/BUILD/libcpr-1.10.4/redhat-linux-build/cpr && /usr/bin/g++ -DCPR_ENABLE_CURL_HTTP_ONLY -DCPR_ENABLE_SSL -DCPR_USE_SYSTEM_CURL -DOPENSSL_BACKEND_USED -I/builddir/build/BUILD/libcpr-1.10.4/include -I/builddir/build/BUILD/libcpr-1.10.4/redhat-linux-build/cpr_generated_includes -O2 -flto=auto -ffat-lto-objects -fexceptions -g -grecord-gcc-switches -pipe -Wall -Werror=format-security -Wp,-D_FORTIFY_SOURCE=2 -Wp,-D_GLIBCXX_ASSERTIONS -specs=/usr/lib/rpm/redhat/redhat-hardened-cc1 -fstack-protector-strong -specs=/usr/lib/rpm/redhat/redhat-annobin-cc1  -m64 -march=x86-64-v2 -mtune=generic -fasynchronous-unwind-tables -fstack-clash-protection -fcf-protection -Wall -Wextra -Wpedantic -Werror -DNDEBUG -std=gnu++17 -MD -MT cpr/CMakeFiles/cpr.dir/session.cpp.o -MF CMakeFiles/cpr.dir/session.cpp.o.d -o CMakeFiles/cpr.dir/session.cpp.o -c /builddir/build/BUILD/libcpr-1.10.4/cpr/session.cpp
[ 64%] Building CXX object cpr/CMakeFiles/cpr.dir/threadpool.cpp.o
cd /builddir/build/BUILD/libcpr-1.10.4/redhat-linux-build/cpr && /usr/bin/g++ -DCPR_ENABLE_CURL_HTTP_ONLY -DCPR_ENABLE_SSL -DCPR_USE_SYSTEM_CURL -DOPENSSL_BACKEND_USED -I/builddir/build/BUILD/libcpr-1.10.4/include -I/builddir/build/BUILD/libcpr-1.10.4/redhat-linux-build/cpr_generated_includes -O2 -flto=auto -ffat-lto-objects -fexceptions -g -grecord-gcc-switches -pipe -Wall -Werror=format-security -Wp,-D_FORTIFY_SOURCE=2 -Wp,-D_GLIBCXX_ASSERTIONS -specs=/usr/lib/rpm/redhat/redhat-hardened-cc1 -fstack-protector-strong -specs=/usr/lib/rpm/redhat/redhat-annobin-cc1  -m64 -march=x86-64-v2 -mtune=generic -fasynchronous-unwind-tables -fstack-clash-protection -fcf-protection -Wall -Wextra -Wpedantic -Werror -DNDEBUG -std=gnu++17 -MD -MT cpr/CMakeFiles/cpr.dir/threadpool.cpp.o -MF CMakeFiles/cpr.dir/threadpool.cpp.o.d -o CMakeFiles/cpr.dir/threadpool.cpp.o -c /builddir/build/BUILD/libcpr-1.10.4/cpr/threadpool.cpp
[ 67%] Building CXX object cpr/CMakeFiles/cpr.dir/timeout.cpp.o
[ 71%] Building CXX object cpr/CMakeFiles/cpr.dir/unix_socket.cpp.o
cd /builddir/build/BUILD/libcpr-1.10.4/redhat-linux-build/cpr && /usr/bin/g++ -DCPR_ENABLE_CURL_HTTP_ONLY -DCPR_ENABLE_SSL -DCPR_USE_SYSTEM_CURL -DOPENSSL_BACKEND_USED -I/builddir/build/BUILD/libcpr-1.10.4/include -I/builddir/build/BUILD/libcpr-1.10.4/redhat-linux-build/cpr_generated_includes -O2 -flto=auto -ffat-lto-objects -fexceptions -g -grecord-gcc-switches -pipe -Wall -Werror=format-security -Wp,-D_FORTIFY_SOURCE=2 -Wp,-D_GLIBCXX_ASSERTIONS -specs=/usr/lib/rpm/redhat/redhat-hardened-cc1 -fstack-protector-strong -specs=/usr/lib/rpm/redhat/redhat-annobin-cc1  -m64 -march=x86-64-v2 -mtune=generic -fasynchronous-unwind-tables -fstack-clash-protection -fcf-protection -Wall -Wextra -Wpedantic -Werror -DNDEBUG -std=gnu++17 -MD -MT cpr/CMakeFiles/cpr.dir/unix_socket.cpp.o -MF CMakeFiles/cpr.dir/unix_socket.cpp.o.d -o CMakeFiles/cpr.dir/unix_socket.cpp.o -c /builddir/build/BUILD/libcpr-1.10.4/cpr/unix_socket.cpp
cd /builddir/build/BUILD/libcpr-1.10.4/redhat-linux-build/cpr && /usr/bin/g++ -DCPR_ENABLE_CURL_HTTP_ONLY -DCPR_ENABLE_SSL -DCPR_USE_SYSTEM_CURL -DOPENSSL_BACKEND_USED -I/builddir/build/BUILD/libcpr-1.10.4/include -I/builddir/build/BUILD/libcpr-1.10.4/redhat-linux-build/cpr_generated_includes -O2 -flto=auto -ffat-lto-objects -fexceptions -g -grecord-gcc-switches -pipe -Wall -Werror=format-security -Wp,-D_FORTIFY_SOURCE=2 -Wp,-D_GLIBCXX_ASSERTIONS -specs=/usr/lib/rpm/redhat/redhat-hardened-cc1 -fstack-protector-strong -specs=/usr/lib/rpm/redhat/redhat-annobin-cc1  -m64 -march=x86-64-v2 -mtune=generic -fasynchronous-unwind-tables -fstack-clash-protection -fcf-protection -Wall -Wextra -Wpedantic -Werror -DNDEBUG -std=gnu++17 -MD -MT cpr/CMakeFiles/cpr.dir/timeout.cpp.o -MF CMakeFiles/cpr.dir/timeout.cpp.o.d -o CMakeFiles/cpr.dir/timeout.cpp.o -c /builddir/build/BUILD/libcpr-1.10.4/cpr/timeout.cpp
[ 75%] Building CXX object cpr/CMakeFiles/cpr.dir/util.cpp.o
cd /builddir/build/BUILD/libcpr-1.10.4/redhat-linux-build/cpr && /usr/bin/g++ -DCPR_ENABLE_CURL_HTTP_ONLY -DCPR_ENABLE_SSL -DCPR_USE_SYSTEM_CURL -DOPENSSL_BACKEND_USED -I/builddir/build/BUILD/libcpr-1.10.4/include -I/builddir/build/BUILD/libcpr-1.10.4/redhat-linux-build/cpr_generated_includes -O2 -flto=auto -ffat-lto-objects -fexceptions -g -grecord-gcc-switches -pipe -Wall -Werror=format-security -Wp,-D_FORTIFY_SOURCE=2 -Wp,-D_GLIBCXX_ASSERTIONS -specs=/usr/lib/rpm/redhat/redhat-hardened-cc1 -fstack-protector-strong -specs=/usr/lib/rpm/redhat/redhat-annobin-cc1  -m64 -march=x86-64-v2 -mtune=generic -fasynchronous-unwind-tables -fstack-clash-protection -fcf-protection -Wall -Wextra -Wpedantic -Werror -DNDEBUG -std=gnu++17 -MD -MT cpr/CMakeFiles/cpr.dir/util.cpp.o -MF CMakeFiles/cpr.dir/util.cpp.o.d -o CMakeFiles/cpr.dir/util.cpp.o -c /builddir/build/BUILD/libcpr-1.10.4/cpr/util.cpp
[ 78%] Building CXX object cpr/CMakeFiles/cpr.dir/response.cpp.o
cd /builddir/build/BUILD/libcpr-1.10.4/redhat-linux-build/cpr && /usr/bin/g++ -DCPR_ENABLE_CURL_HTTP_ONLY -DCPR_ENABLE_SSL -DCPR_USE_SYSTEM_CURL -DOPENSSL_BACKEND_USED -I/builddir/build/BUILD/libcpr-1.10.4/include -I/builddir/build/BUILD/libcpr-1.10.4/redhat-linux-build/cpr_generated_includes -O2 -flto=auto -ffat-lto-objects -fexceptions -g -grecord-gcc-switches -pipe -Wall -Werror=format-security -Wp,-D_FORTIFY_SOURCE=2 -Wp,-D_GLIBCXX_ASSERTIONS -specs=/usr/lib/rpm/redhat/redhat-hardened-cc1 -fstack-protector-strong -specs=/usr/lib/rpm/redhat/redhat-annobin-cc1  -m64 -march=x86-64-v2 -mtune=generic -fasynchronous-unwind-tables -fstack-clash-protection -fcf-protection -Wall -Wextra -Wpedantic -Werror -DNDEBUG -std=gnu++17 -MD -MT cpr/CMakeFiles/cpr.dir/response.cpp.o -MF CMakeFiles/cpr.dir/response.cpp.o.d -o CMakeFiles/cpr.dir/response.cpp.o -c /builddir/build/BUILD/libcpr-1.10.4/cpr/response.cpp
[ 82%] Building CXX object cpr/CMakeFiles/cpr.dir/redirect.cpp.o
cd /builddir/build/BUILD/libcpr-1.10.4/redhat-linux-build/cpr && /usr/bin/g++ -DCPR_ENABLE_CURL_HTTP_ONLY -DCPR_ENABLE_SSL -DCPR_USE_SYSTEM_CURL -DOPENSSL_BACKEND_USED -I/builddir/build/BUILD/libcpr-1.10.4/include -I/builddir/build/BUILD/libcpr-1.10.4/redhat-linux-build/cpr_generated_includes -O2 -flto=auto -ffat-lto-objects -fexceptions -g -grecord-gcc-switches -pipe -Wall -Werror=format-security -Wp,-D_FORTIFY_SOURCE=2 -Wp,-D_GLIBCXX_ASSERTIONS -specs=/usr/lib/rpm/redhat/redhat-hardened-cc1 -fstack-protector-strong -specs=/usr/lib/rpm/redhat/redhat-annobin-cc1  -m64 -march=x86-64-v2 -mtune=generic -fasynchronous-unwind-tables -fstack-clash-protection -fcf-protection -Wall -Wextra -Wpedantic -Werror -DNDEBUG -std=gnu++17 -MD -MT cpr/CMakeFiles/cpr.dir/redirect.cpp.o -MF CMakeFiles/cpr.dir/redirect.cpp.o.d -o CMakeFiles/cpr.dir/redirect.cpp.o -c /builddir/build/BUILD/libcpr-1.10.4/cpr/redirect.cpp
[ 85%] Building CXX object cpr/CMakeFiles/cpr.dir/interceptor.cpp.o
cd /builddir/build/BUILD/libcpr-1.10.4/redhat-linux-build/cpr && /usr/bin/g++ -DCPR_ENABLE_CURL_HTTP_ONLY -DCPR_ENABLE_SSL -DCPR_USE_SYSTEM_CURL -DOPENSSL_BACKEND_USED -I/builddir/build/BUILD/libcpr-1.10.4/include -I/builddir/build/BUILD/libcpr-1.10.4/redhat-linux-build/cpr_generated_includes -O2 -flto=auto -ffat-lto-objects -fexceptions -g -grecord-gcc-switches -pipe -Wall -Werror=format-security -Wp,-D_FORTIFY_SOURCE=2 -Wp,-D_GLIBCXX_ASSERTIONS -specs=/usr/lib/rpm/redhat/redhat-hardened-cc1 -fstack-protector-strong -specs=/usr/lib/rpm/redhat/redhat-annobin-cc1  -m64 -march=x86-64-v2 -mtune=generic -fasynchronous-unwind-tables -fstack-clash-protection -fcf-protection -Wall -Wextra -Wpedantic -Werror -DNDEBUG -std=gnu++17 -MD -MT cpr/CMakeFiles/cpr.dir/interceptor.cpp.o -MF CMakeFiles/cpr.dir/interceptor.cpp.o.d -o CMakeFiles/cpr.dir/interceptor.cpp.o -c /builddir/build/BUILD/libcpr-1.10.4/cpr/interceptor.cpp
[ 89%] Building CXX object cpr/CMakeFiles/cpr.dir/ssl_ctx.cpp.o
cd /builddir/build/BUILD/libcpr-1.10.4/redhat-linux-build/cpr && /usr/bin/g++ -DCPR_ENABLE_CURL_HTTP_ONLY -DCPR_ENABLE_SSL -DCPR_USE_SYSTEM_CURL -DOPENSSL_BACKEND_USED -I/builddir/build/BUILD/libcpr-1.10.4/include -I/builddir/build/BUILD/libcpr-1.10.4/redhat-linux-build/cpr_generated_includes -O2 -flto=auto -ffat-lto-objects -fexceptions -g -grecord-gcc-switches -pipe -Wall -Werror=format-security -Wp,-D_FORTIFY_SOURCE=2 -Wp,-D_GLIBCXX_ASSERTIONS -specs=/usr/lib/rpm/redhat/redhat-hardened-cc1 -fstack-protector-strong -specs=/usr/lib/rpm/redhat/redhat-annobin-cc1  -m64 -march=x86-64-v2 -mtune=generic -fasynchronous-unwind-tables -fstack-clash-protection -fcf-protection -Wall -Wextra -Wpedantic -Werror -DNDEBUG -std=gnu++17 -MD -MT cpr/CMakeFiles/cpr.dir/ssl_ctx.cpp.o -MF CMakeFiles/cpr.dir/ssl_ctx.cpp.o.d -o CMakeFiles/cpr.dir/ssl_ctx.cpp.o -c /builddir/build/BUILD/libcpr-1.10.4/cpr/ssl_ctx.cpp
[ 92%] Building CXX object cpr/CMakeFiles/cpr.dir/curlmultiholder.cpp.o
cd /builddir/build/BUILD/libcpr-1.10.4/redhat-linux-build/cpr && /usr/bin/g++ -DCPR_ENABLE_CURL_HTTP_ONLY -DCPR_ENABLE_SSL -DCPR_USE_SYSTEM_CURL -DOPENSSL_BACKEND_USED -I/builddir/build/BUILD/libcpr-1.10.4/include -I/builddir/build/BUILD/libcpr-1.10.4/redhat-linux-build/cpr_generated_includes -O2 -flto=auto -ffat-lto-objects -fexceptions -g -grecord-gcc-switches -pipe -Wall -Werror=format-security -Wp,-D_FORTIFY_SOURCE=2 -Wp,-D_GLIBCXX_ASSERTIONS -specs=/usr/lib/rpm/redhat/redhat-hardened-cc1 -fstack-protector-strong -specs=/usr/lib/rpm/redhat/redhat-annobin-cc1  -m64 -march=x86-64-v2 -mtune=generic -fasynchronous-unwind-tables -fstack-clash-protection -fcf-protection -Wall -Wextra -Wpedantic -Werror -DNDEBUG -std=gnu++17 -MD -MT cpr/CMakeFiles/cpr.dir/curlmultiholder.cpp.o -MF CMakeFiles/cpr.dir/curlmultiholder.cpp.o.d -o CMakeFiles/cpr.dir/curlmultiholder.cpp.o -c /builddir/build/BUILD/libcpr-1.10.4/cpr/curlmultiholder.cpp
[ 96%] Building CXX object cpr/CMakeFiles/cpr.dir/multiperform.cpp.o
cd /builddir/build/BUILD/libcpr-1.10.4/redhat-linux-build/cpr && /usr/bin/g++ -DCPR_ENABLE_CURL_HTTP_ONLY -DCPR_ENABLE_SSL -DCPR_USE_SYSTEM_CURL -DOPENSSL_BACKEND_USED -I/builddir/build/BUILD/libcpr-1.10.4/include -I/builddir/build/BUILD/libcpr-1.10.4/redhat-linux-build/cpr_generated_includes -O2 -flto=auto -ffat-lto-objects -fexceptions -g -grecord-gcc-switches -pipe -Wall -Werror=format-security -Wp,-D_FORTIFY_SOURCE=2 -Wp,-D_GLIBCXX_ASSERTIONS -specs=/usr/lib/rpm/redhat/redhat-hardened-cc1 -fstack-protector-strong -specs=/usr/lib/rpm/redhat/redhat-annobin-cc1  -m64 -march=x86-64-v2 -mtune=generic -fasynchronous-unwind-tables -fstack-clash-protection -fcf-protection -Wall -Wextra -Wpedantic -Werror -DNDEBUG -std=gnu++17 -MD -MT cpr/CMakeFiles/cpr.dir/multiperform.cpp.o -MF CMakeFiles/cpr.dir/multiperform.cpp.o.d -o CMakeFiles/cpr.dir/multiperform.cpp.o -c /builddir/build/BUILD/libcpr-1.10.4/cpr/multiperform.cpp
[100%] Linking CXX static library ../lib/libcpr.a
cd /builddir/build/BUILD/libcpr-1.10.4/redhat-linux-build/cpr && /usr/bin/cmake -P CMakeFiles/cpr.dir/cmake_clean_target.cmake
cd /builddir/build/BUILD/libcpr-1.10.4/redhat-linux-build/cpr && /usr/bin/cmake -E cmake_link_script CMakeFiles/cpr.dir/link.txt --verbose=1
/usr/bin/ar qc ../lib/libcpr.a CMakeFiles/cpr.dir/accept_encoding.cpp.o CMakeFiles/cpr.dir/async.cpp.o CMakeFiles/cpr.dir/auth.cpp.o CMakeFiles/cpr.dir/callback.cpp.o CMakeFiles/cpr.dir/cert_info.cpp.o CMakeFiles/cpr.dir/cookies.cpp.o CMakeFiles/cpr.dir/cprtypes.cpp.o CMakeFiles/cpr.dir/curl_container.cpp.o CMakeFiles/cpr.dir/curlholder.cpp.o CMakeFiles/cpr.dir/error.cpp.o CMakeFiles/cpr.dir/file.cpp.o CMakeFiles/cpr.dir/multipart.cpp.o CMakeFiles/cpr.dir/parameters.cpp.o CMakeFiles/cpr.dir/payload.cpp.o CMakeFiles/cpr.dir/proxies.cpp.o CMakeFiles/cpr.dir/proxyauth.cpp.o CMakeFiles/cpr.dir/session.cpp.o CMakeFiles/cpr.dir/threadpool.cpp.o CMakeFiles/cpr.dir/timeout.cpp.o CMakeFiles/cpr.dir/unix_socket.cpp.o CMakeFiles/cpr.dir/util.cpp.o CMakeFiles/cpr.dir/response.cpp.o CMakeFiles/cpr.dir/redirect.cpp.o CMakeFiles/cpr.dir/interceptor.cpp.o CMakeFiles/cpr.dir/ssl_ctx.cpp.o CMakeFiles/cpr.dir/curlmultiholder.cpp.o CMakeFiles/cpr.dir/multiperform.cpp.o
/usr/bin/ranlib ../lib/libcpr.a
gmake[2]: Leaving directory '/builddir/build/BUILD/libcpr-1.10.4/redhat-linux-build'
[100%] Built target cpr
gmake[1]: Leaving directory '/builddir/build/BUILD/libcpr-1.10.4/redhat-linux-build'
/usr/bin/cmake -E cmake_progress_start /builddir/build/BUILD/libcpr-1.10.4/redhat-linux-build/CMakeFiles 0
+ RPM_EC=0
++ jobs -p
+ exit 0
Executing(%install): /bin/sh -e /var/tmp/rpm-tmp.pqhHBd
+ umask 022
+ cd /builddir/build/BUILD
+ '[' /builddir/build/BUILDROOT/libcpr-1.10.4-1.el9.rb.x86_64 '!=' / ']'
+ rm -rf /builddir/build/BUILDROOT/libcpr-1.10.4-1.el9.rb.x86_64
++ dirname /builddir/build/BUILDROOT/libcpr-1.10.4-1.el9.rb.x86_64
+ mkdir -p /builddir/build/BUILDROOT
+ mkdir /builddir/build/BUILDROOT/libcpr-1.10.4-1.el9.rb.x86_64
+ cd libcpr-1.10.4
+ DESTDIR=/builddir/build/BUILDROOT/libcpr-1.10.4-1.el9.rb.x86_64
+ /usr/bin/cmake --install redhat-linux-build
-- Install configuration: "Release"
-- Installing: /builddir/build/BUILDROOT/libcpr-1.10.4-1.el9.rb.x86_64/usr/lib64/libcpr.a
-- Installing: /builddir/build/BUILDROOT/libcpr-1.10.4-1.el9.rb.x86_64/usr/lib64/cmake/cpr/cprConfig.cmake
-- Installing: /builddir/build/BUILDROOT/libcpr-1.10.4-1.el9.rb.x86_64/usr/lib64/cmake/cpr/cprConfigVersion.cmake
-- Installing: /builddir/build/BUILDROOT/libcpr-1.10.4-1.el9.rb.x86_64/usr/lib64/cmake/cpr/cprTargets.cmake
-- Installing: /builddir/build/BUILDROOT/libcpr-1.10.4-1.el9.rb.x86_64/usr/lib64/cmake/cpr/cprTargets-release.cmake
-- Installing: /builddir/build/BUILDROOT/libcpr-1.10.4-1.el9.rb.x86_64/usr/include/cpr
-- Installing: /builddir/build/BUILDROOT/libcpr-1.10.4-1.el9.rb.x86_64/usr/include/cpr/accept_encoding.h
-- Installing: /builddir/build/BUILDROOT/libcpr-1.10.4-1.el9.rb.x86_64/usr/include/cpr/api.h
-- Installing: /builddir/build/BUILDROOT/libcpr-1.10.4-1.el9.rb.x86_64/usr/include/cpr/async.h
-- Installing: /builddir/build/BUILDROOT/libcpr-1.10.4-1.el9.rb.x86_64/usr/include/cpr/async_wrapper.h
-- Installing: /builddir/build/BUILDROOT/libcpr-1.10.4-1.el9.rb.x86_64/usr/include/cpr/auth.h
-- Installing: /builddir/build/BUILDROOT/libcpr-1.10.4-1.el9.rb.x86_64/usr/include/cpr/bearer.h
-- Installing: /builddir/build/BUILDROOT/libcpr-1.10.4-1.el9.rb.x86_64/usr/include/cpr/body.h
-- Installing: /builddir/build/BUILDROOT/libcpr-1.10.4-1.el9.rb.x86_64/usr/include/cpr/buffer.h
-- Installing: /builddir/build/BUILDROOT/libcpr-1.10.4-1.el9.rb.x86_64/usr/include/cpr/callback.h
-- Installing: /builddir/build/BUILDROOT/libcpr-1.10.4-1.el9.rb.x86_64/usr/include/cpr/cert_info.h
-- Installing: /builddir/build/BUILDROOT/libcpr-1.10.4-1.el9.rb.x86_64/usr/include/cpr/connect_timeout.h
-- Installing: /builddir/build/BUILDROOT/libcpr-1.10.4-1.el9.rb.x86_64/usr/include/cpr/cookies.h
-- Installing: /builddir/build/BUILDROOT/libcpr-1.10.4-1.el9.rb.x86_64/usr/include/cpr/cpr.h
-- Installing: /builddir/build/BUILDROOT/libcpr-1.10.4-1.el9.rb.x86_64/usr/include/cpr/cprtypes.h
-- Installing: /builddir/build/BUILDROOT/libcpr-1.10.4-1.el9.rb.x86_64/usr/include/cpr/curl_container.h
-- Installing: /builddir/build/BUILDROOT/libcpr-1.10.4-1.el9.rb.x86_64/usr/include/cpr/curlholder.h
-- Installing: /builddir/build/BUILDROOT/libcpr-1.10.4-1.el9.rb.x86_64/usr/include/cpr/curlmultiholder.h
-- Installing: /builddir/build/BUILDROOT/libcpr-1.10.4-1.el9.rb.x86_64/usr/include/cpr/error.h
-- Installing: /builddir/build/BUILDROOT/libcpr-1.10.4-1.el9.rb.x86_64/usr/include/cpr/file.h
-- Installing: /builddir/build/BUILDROOT/libcpr-1.10.4-1.el9.rb.x86_64/usr/include/cpr/filesystem.h
-- Installing: /builddir/build/BUILDROOT/libcpr-1.10.4-1.el9.rb.x86_64/usr/include/cpr/http_version.h
-- Installing: /builddir/build/BUILDROOT/libcpr-1.10.4-1.el9.rb.x86_64/usr/include/cpr/interceptor.h
-- Installing: /builddir/build/BUILDROOT/libcpr-1.10.4-1.el9.rb.x86_64/usr/include/cpr/interface.h
-- Installing: /builddir/build/BUILDROOT/libcpr-1.10.4-1.el9.rb.x86_64/usr/include/cpr/limit_rate.h
-- Installing: /builddir/build/BUILDROOT/libcpr-1.10.4-1.el9.rb.x86_64/usr/include/cpr/local_port.h
-- Installing: /builddir/build/BUILDROOT/libcpr-1.10.4-1.el9.rb.x86_64/usr/include/cpr/local_port_range.h
-- Installing: /builddir/build/BUILDROOT/libcpr-1.10.4-1.el9.rb.x86_64/usr/include/cpr/low_speed.h
-- Installing: /builddir/build/BUILDROOT/libcpr-1.10.4-1.el9.rb.x86_64/usr/include/cpr/multipart.h
-- Installing: /builddir/build/BUILDROOT/libcpr-1.10.4-1.el9.rb.x86_64/usr/include/cpr/multiperform.h
-- Installing: /builddir/build/BUILDROOT/libcpr-1.10.4-1.el9.rb.x86_64/usr/include/cpr/parameters.h
-- Installing: /builddir/build/BUILDROOT/libcpr-1.10.4-1.el9.rb.x86_64/usr/include/cpr/payload.h
-- Installing: /builddir/build/BUILDROOT/libcpr-1.10.4-1.el9.rb.x86_64/usr/include/cpr/proxies.h
-- Installing: /builddir/build/BUILDROOT/libcpr-1.10.4-1.el9.rb.x86_64/usr/include/cpr/proxyauth.h
-- Installing: /builddir/build/BUILDROOT/libcpr-1.10.4-1.el9.rb.x86_64/usr/include/cpr/range.h
-- Installing: /builddir/build/BUILDROOT/libcpr-1.10.4-1.el9.rb.x86_64/usr/include/cpr/redirect.h
-- Installing: /builddir/build/BUILDROOT/libcpr-1.10.4-1.el9.rb.x86_64/usr/include/cpr/reserve_size.h
-- Installing: /builddir/build/BUILDROOT/libcpr-1.10.4-1.el9.rb.x86_64/usr/include/cpr/resolve.h
-- Installing: /builddir/build/BUILDROOT/libcpr-1.10.4-1.el9.rb.x86_64/usr/include/cpr/response.h
-- Installing: /builddir/build/BUILDROOT/libcpr-1.10.4-1.el9.rb.x86_64/usr/include/cpr/secure_string.h
-- Installing: /builddir/build/BUILDROOT/libcpr-1.10.4-1.el9.rb.x86_64/usr/include/cpr/session.h
-- Installing: /builddir/build/BUILDROOT/libcpr-1.10.4-1.el9.rb.x86_64/usr/include/cpr/singleton.h
-- Installing: /builddir/build/BUILDROOT/libcpr-1.10.4-1.el9.rb.x86_64/usr/include/cpr/ssl_ctx.h
-- Installing: /builddir/build/BUILDROOT/libcpr-1.10.4-1.el9.rb.x86_64/usr/include/cpr/ssl_options.h
-- Installing: /builddir/build/BUILDROOT/libcpr-1.10.4-1.el9.rb.x86_64/usr/include/cpr/status_codes.h
-- Installing: /builddir/build/BUILDROOT/libcpr-1.10.4-1.el9.rb.x86_64/usr/include/cpr/threadpool.h
-- Installing: /builddir/build/BUILDROOT/libcpr-1.10.4-1.el9.rb.x86_64/usr/include/cpr/timeout.h
-- Installing: /builddir/build/BUILDROOT/libcpr-1.10.4-1.el9.rb.x86_64/usr/include/cpr/unix_socket.h
-- Installing: /builddir/build/BUILDROOT/libcpr-1.10.4-1.el9.rb.x86_64/usr/include/cpr/user_agent.h
-- Installing: /builddir/build/BUILDROOT/libcpr-1.10.4-1.el9.rb.x86_64/usr/include/cpr/util.h
-- Installing: /builddir/build/BUILDROOT/libcpr-1.10.4-1.el9.rb.x86_64/usr/include/cpr/verbose.h
-- Up-to-date: /builddir/build/BUILDROOT/libcpr-1.10.4-1.el9.rb.x86_64/usr/include/cpr
-- Installing: /builddir/build/BUILDROOT/libcpr-1.10.4-1.el9.rb.x86_64/usr/include/cpr/cprver.h
+ /usr/lib/rpm/check-buildroot
+ /usr/lib/rpm/redhat/brp-ldconfig
+ /usr/lib/rpm/brp-compress
+ /usr/lib/rpm/brp-strip /usr/bin/strip
+ /usr/lib/rpm/brp-strip-comment-note /usr/bin/strip /usr/bin/objdump
+ /usr/lib/rpm/redhat/brp-strip-lto /usr/bin/strip
+ /usr/lib/rpm/brp-strip-static-archive /usr/bin/strip
+ /usr/lib/rpm/redhat/brp-python-bytecompile '' 1 0
+ /usr/lib/rpm/brp-python-hardlink
+ /usr/lib/rpm/redhat/brp-mangle-shebangs
Processing files: libcpr-1.10.4-1.el9.rb.x86_64
Executing(%doc): /bin/sh -e /var/tmp/rpm-tmp.Mah0P3
+ umask 022
+ cd /builddir/build/BUILD
+ cd libcpr-1.10.4
+ DOCDIR=/builddir/build/BUILDROOT/libcpr-1.10.4-1.el9.rb.x86_64/usr/share/doc/libcpr
+ export LC_ALL=C
+ LC_ALL=C
+ export DOCDIR
+ /usr/bin/mkdir -p /builddir/build/BUILDROOT/libcpr-1.10.4-1.el9.rb.x86_64/usr/share/doc/libcpr
+ cp -pr README.md /builddir/build/BUILDROOT/libcpr-1.10.4-1.el9.rb.x86_64/usr/share/doc/libcpr
+ RPM_EC=0
++ jobs -p
+ exit 0
Executing(%license): /bin/sh -e /var/tmp/rpm-tmp.N2BVgC
+ umask 022
+ cd /builddir/build/BUILD
+ cd libcpr-1.10.4
+ LICENSEDIR=/builddir/build/BUILDROOT/libcpr-1.10.4-1.el9.rb.x86_64/usr/share/licenses/libcpr
+ export LC_ALL=C
+ LC_ALL=C
+ export LICENSEDIR
+ /usr/bin/mkdir -p /builddir/build/BUILDROOT/libcpr-1.10.4-1.el9.rb.x86_64/usr/share/licenses/libcpr
+ cp -pr LICENSE /builddir/build/BUILDROOT/libcpr-1.10.4-1.el9.rb.x86_64/usr/share/licenses/libcpr
+ RPM_EC=0
++ jobs -p
+ exit 0
Provides: libcpr = 1.10.4-1.el9.rb libcpr(x86-64) = 1.10.4-1.el9.rb
Requires(rpmlib): rpmlib(CompressedFileNames) <= 3.0.4-1 rpmlib(FileDigests) <= 4.6.0-1 rpmlib(PayloadFilesHavePrefix) <= 4.0-1
Processing files: libcpr-devel-1.10.4-1.el9.rb.x86_64
Provides: libcpr-devel = 1.10.4-1.el9.rb libcpr-devel(x86-64) = 1.10.4-1.el9.rb
Requires(rpmlib): rpmlib(CompressedFileNames) <= 3.0.4-1 rpmlib(FileDigests) <= 4.6.0-1 rpmlib(PayloadFilesHavePrefix) <= 4.0-1
Checking for unpackaged file(s): /usr/lib/rpm/check-files /builddir/build/BUILDROOT/libcpr-1.10.4-1.el9.rb.x86_64
warning: Installed (but unpackaged) file(s) found:
   /usr/lib64/cmake/cpr/cprConfig.cmake
   /usr/lib64/cmake/cpr/cprConfigVersion.cmake
   /usr/lib64/cmake/cpr/cprTargets-release.cmake
   /usr/lib64/cmake/cpr/cprTargets.cmake
Wrote: /builddir/build/RPMS/libcpr-devel-1.10.4-1.el9.rb.x86_64.rpm
Wrote: /builddir/build/RPMS/libcpr-1.10.4-1.el9.rb.x86_64.rpm
Executing(%clean): /bin/sh -e /var/tmp/rpm-tmp.jDaiJN
+ umask 022
+ cd /builddir/build/BUILD
+ cd libcpr-1.10.4
+ /usr/bin/rm -rf /builddir/build/BUILDROOT/libcpr-1.10.4-1.el9.rb.x86_64
+ RPM_EC=0
++ jobs -p
+ exit 0
Child return code was: 0
