gpg-pubkey-350d275d-6279464b 1652115019 0 (none) installed
gpg-pubkey-3228467c-613798eb 1631033579 0 (none) installed
libgcc-11.5.0-5.el9_5.x86_64 1739365842 198756 b8715b9d1f4d8256c12366f1db362af8 installed
rust-srpm-macros-17-4.el9.noarch 1652267604 2447 f473eb960de326eea8285ce84d1e7972 installed
rust-srpm-macros-epel-26.3-1.el9.noarch 1715974806 2907 f2cae61d2d5501f547c200dfb2c6f670 installed
qt6-srpm-macros-6.6.2-1.el9.noarch 1714509998 456 8b2431231baa0f317fa2536ecad7f3ae installed
ghc-srpm-macros-epel-1.9.1-1.el9.noarch 1734443439 498 b97dfc85336d63781d1ff152f2fadc6b installed
fpc-srpm-macros-1.3-7.el9.noarch 1676900002 144 bd6bb74a216ab5498ee5ab7981c3f401 installed
ansible-srpm-macros-1-16.el9.noarch 1726849052 36518 fb4f820e4d0d31d624d72536160aad01 installed
qt5-srpm-macros-5.15.9-1.el9.noarch 1698510920 492 f878432102092d87bbdbb2e936f8378b installed
ocaml-srpm-macros-6-6.el9.noarch 1652800868 745 73be47bd06ff2934c420576ab4426d56 installed
perl-srpm-macros-1-41.el9.noarch 1652557781 862 52f1bf91c8b58cea8094d6e3be4c7f0e installed
openblas-srpm-macros-2-11.el9.noarch 1652484909 104 d4f8d1073512b1b0c44f95a04285ce97 installed
ghc-srpm-macros-1.5.0-6.el9.noarch 1652267567 535 71fed58726c9a4e11b4ca5eeec6adfe4 installed
setup-2.13.7-10.el9.noarch 1712520949 725932 69bddb22c48ee24373556f12566c97fe installed
filesystem-3.16-5.el9.x86_64 1730597381 106 7306685389960cd7154aa097b83c47ce installed
basesystem-11-13.el9.0.1.noarch 1709228238 0 f879a2f8e19c7d73507d01111e899ca0 installed
libssh-config-0.10.4-13.el9.noarch 1713763564 277 bff578f15ac2198c74043e3cf19c8c31 installed
ncurses-base-6.2-10.20210508.el9.noarch 1699224115 307293 de956b53147623c910c9764db2b0cc63 installed
coreutils-common-8.32-36.el9.x86_64 1730910444 10880411 32c335335ee0bcef51cc1200146ebb23 installed
pkgconf-m4-1.7.3-10.el9.noarch 1681536714 14187 12b061c94e3a733e9c1e8921ea590501 installed
bash-5.1.8-9.el9.x86_64 1714476567 7738730 5d975b56a64ca3b035f8191eba908139 installed
ncurses-libs-6.2-10.20210508.el9.x86_64 1699224109 994359 3c88f7bf35dd5007bdf5ceccd8e85588 installed
zlib-1.2.11-40.el9.x86_64 1698484642 202921 769b855a81f624aff2c4d5d5f7b85874 installed
xz-libs-5.2.5-8.el9_0.x86_64 1655269093 181573 078cdcb6e241d5bae897e8ffbe5abc12 installed
bzip2-libs-1.0.8-10.el9_5.x86_64 1738673301 78228 105251a34ba7200503c7b1719488abca installed
libzstd-1.5.1-2.el9.x86_64 1653582655 902059 ca2132c1b2abfc412f104f2e81b8973c installed
libxcrypt-4.4.18-3.el9.x86_64 1653510262 270716 009b94ca2e493d96aa69f2cf33ea75bc installed
elfutils-libelf-0.191-4.el9.x86_64 1730574801 1219232 35cb94260abed04df39e2bb9f72c72ae installed
libcap-2.48-9.el9_2.x86_64 1695148324 177463 b9b4a15cb629f218f5289b0d23d818f9 installed
libstdc++-11.5.0-5.el9_5.x86_64 1739365842 2537774 c167b494caa6a816185b4770f3fa3bc0 installed
popt-1.18-8.el9.x86_64 1652704144 130376 c6ee753abf2608135eef84c6543c4713 installed
libuuid-2.37.4-20.el9.x86_64 1730939025 38101 94a62f46dada49aaa4fbbf53d5f091c9 installed
lz4-libs-1.9.3-5.el9.x86_64 1652703415 145507 cfdb2734e4e037ef811fa970b2a41ddd installed
libattr-2.5.1-3.el9.x86_64 1653510145 29445 1592052a48688a467ac8c10809b4c1e9 installed
libacl-2.3.1-4.el9.x86_64 1712682705 40674 5fde7da3b371015dd2e8ff6378b3e9fb installed
gmp-1:6.2.0-13.el9.x86_64 1699048080 816844 774609cd79716dc0d9b8d99d2db05d5b installed
libsepol-3.6-1.el9.x86_64 1712515546 829267 0614bc049866aa34141f73875b42bb69 installed
sqlite-libs-3.34.1-7.el9_3.x86_64 1706153221 1310928 bbfafb488a4ddf51327b6c03bdcb0a22 installed
lua-libs-5.4.4-4.el9.x86_64 1697607316 287323 32deba31381adab09c4376aa86a7f2f5 installed
libcap-ng-0.8.2-7.el9.x86_64 1652703377 75196 45dc2b2ff774e4f4e94f7c354dd56e74 installed
audit-libs-3.1.5-1.el9.x86_64 1730826456 338737 891daa048e098abb8a7c2a6b2e77cc90 installed
readline-8.1-4.el9.x86_64 1652703611 492900 66ec97b30c4ebb8b6e3cd340d919dcd3 installed
crypto-policies-20240828-2.git626aa59.el9_5.noarch 1731407925 91834 866962de48d12cba148e2157bfa54105 installed
mpfr-4.1.0-7.el9.x86_64 1653510195 802587 74619be075ab6bbc6f6f3eb27869ac7e installed
dwz-0.14-3.el9.x86_64 1653510016 281782 fec391e14ef27979b4a5fe5393ebeeb1 installed
file-libs-5.39-16.el9.x86_64 1713229404 8086748 8a6abd7e8541ba109fc0feec729f6280 installed
file-5.39-16.el9.x86_64 1713229404 102664 4a8b0de2bef2340189fb3e64f8cfe0e8 installed
alternatives-1.24-1.el9_5.1.x86_64 1731408219 63497 04e3e9ed28476f274037d7c9515db847 installed
libsigsegv-2.13-4.el9.x86_64 1652567842 50354 06625e6afe8f42ae91ba0e98dfa9e222 installed
gawk-5.1.0-6.el9.x86_64 1652446843 1685670 6a721f681e66961ab13ef1288f028e22 installed
libunistring-0.9.10-15.el9.x86_64 1652703686 1643051 354dedb80398de4afb10e8e3806bc5da installed
libidn2-2.3.0-7.el9.x86_64 1652703429 253476 b212886c674f27c872317e6ee6855977 installed
diffutils-3.7-12.el9.x86_64 1652899808 1467877 3fbd27f737957ccf8bc68713319471db installed
libtasn1-4.16.0-8.el9_1.x86_64 1674521524 183348 7b5cc1f1fccf947259c8ba1417cab526 installed
libsmartcols-2.37.4-20.el9.x86_64 1730939025 134923 7c822ac4c1cb20bc80267512fb42045a installed
zip-3.0-35.el9.x86_64 1682535986 741151 12a2063a23942b9626bc54af762d1769 installed
acl-2.3.1-4.el9.x86_64 1712682705 212535 e5ffc526800fc1ddd4b3e61c9a3f3048 installed
zstd-1.5.1-2.el9.x86_64 1653582655 1902812 93bd29879478cc8b29fe7bb3df2ad891 installed
groff-base-1.22.4-10.el9.x86_64 1652712412 4040406 b3cf69de02fcebc8ae460f871b3efde4 installed
bzip2-1.0.8-10.el9_5.x86_64 1738673301 95088 61ee3f020508b2ba1c2c910d786365b9 installed
info-6.7-15.el9.x86_64 1652703914 508027 9065cd2c5f7bf7c4203969e66fe0f4fe installed
ed-1.14.2-12.el9.x86_64 1652567904 129931 19769aef4345277f58192dedc6418bfc installed
libbrotli-1.0.9-7.el9_5.x86_64 1734471690 782506 631638f7c891a89ddf577f799a0ca2cc installed
libverto-0.3.2-3.el9.x86_64 1652703457 30381 ab20fd3e76a7e65cda2205582d56669d installed
libdb-5.3.28-54.el9.x86_64 1730705028 1897918 983b0135859f414f6781523538ee1c74 installed
cpio-2.13-16.el9.x86_64 1652704061 1088176 92b5a0e69a90cb4cdd561954ef2f92e6 installed
libnghttp2-1.43.0-6.el9.x86_64 1730634531 169892 d9e0dd70c13cd43a8bf65d1987cf8a92 installed
libpkgconf-1.7.3-10.el9.x86_64 1681536714 75425 5d8bf5d30b338e5cddf9ac38db81428b installed
pkgconf-1.7.3-10.el9.x86_64 1681536714 77890 6d4afc2fa1090836b5e24e8ab21be4a6 installed
pkgconf-pkg-config-1.7.3-10.el9.x86_64 1681536714 1203 22a1213f2869406a12ca4174b5dd103e installed
gdbm-libs-1:1.23-1.el9.x86_64 1730633640 128586 2e41ba837321388b4083b00cf1b13c2d installed
libffi-3.4.2-8.el9.x86_64 1698571420 65761 67a9fdf44690673ca2034843b2459a18 installed
p11-kit-0.25.3-3.el9_5.x86_64 1734466104 2530659 bd2aaa574f26d49d8699711ca9befc0a installed
p11-kit-trust-0.25.3-3.el9_5.x86_64 1734466104 478116 2dfd361825d159f907ba4294ea187ee8 installed
libseccomp-2.5.2-2.el9.x86_64 1653510345 175261 85b2a8fcac27032ba8ddd3e068a3a687 installed
libgpg-error-1.42-5.el9.x86_64 1653510224 837056 99c44f4fadc8f9a9103d47e9b21d2620 installed
libgcrypt-1.10.0-11.el9.x86_64 1730827001 1398386 ffb8d9ceca3acfe65d9a6b63bec43c7d installed
pcre-8.44-4.el9.x86_64 1730670020 537720 765a3e0316de46e3db520b432fa941ac installed
grep-3.6-5.el9.x86_64 1652712553 857864 98d808fd3d09606215d7de3258c9f1a9 installed
xz-5.2.5-8.el9_0.x86_64 1655269093 685931 32384d0037322e70b1394d34df5d71ab installed
ncurses-6.2-10.20210508.el9.x86_64 1699224109 624676 abd134e0b9b678979cc10dc39478841b installed
keyutils-libs-1.6.3-1.el9.x86_64 1681766930 55267 b280a8e5cca83fc5e3df0704a38e180f installed
libgomp-11.5.0-5.el9_5.x86_64 1739365842 421709 829b846e5790f65dace3cc0fd84c3b46 installed
libeconf-0.4.1-4.el9.x86_64 1730668700 45803 dde72fce8cab774393607423627cf75c installed
pcre2-syntax-10.40-6.el9.noarch 1730814444 234324 10212dbd923fec1f2151d4ef16754dc3 installed
pcre2-10.40-6.el9.x86_64 1730814444 652282 c8398a0fca8168e4647c255f832ee865 installed
libselinux-3.6-1.el9.x86_64 1712516193 176861 6b667cd8765911ef783a457069da58ec installed
sed-4.8-9.el9.x86_64 1652712399 813607 415f8fb73ee020b229344cba9cfc297d installed
findutils-1:4.8.0-7.el9.x86_64 1730774702 1757014 ef5887254f0c0875fa3f2490f8a4f859 installed
openssl-libs-1:3.2.2-6.el9_5.1.x86_64 1739303887 8784066 b9a9413e276952e6b1e1fbabf6e0c2fe installed
coreutils-8.32-36.el9.x86_64 1730910444 5987930 faefef42d1b189866ddb4b2325bc9a0d installed
ca-certificates-2024.2.69_v8.0.303-91.4.el9_4.noarch 1724259362 2698659 afafd3dc4333f572297a30d065026b7a installed
libblkid-2.37.4-20.el9.x86_64 1730939025 229889 f3e828b4e7d1665621c7765732838440 installed
libmount-2.37.4-20.el9.x86_64 1730939025 318477 69cdcb55de0f8f8011a9d83738aed739 installed
krb5-libs-1.21.1-4.el9_5.x86_64 1731420326 2504183 e1aa1df7fd3545308e37a6b84ce0c98b installed
libfdisk-2.37.4-20.el9.x86_64 1730939025 367915 c4e6ee2f77659ac9695c6ec83b1621bb installed
gzip-1.12-1.el9.x86_64 1667088950 377005 c3b6a711959934acd5bde6ee77091d4f installed
cracklib-2.9.6-27.el9.x86_64 1654018888 251890 9e558ac1727da7b9f6ecabf18a83daa1 installed
libarchive-3.5.3-4.el9.0.1.x86_64 1714796911 906286 668c7e62db3897ce2949ec64366b28ba installed
libsemanage-3.6-2.1.el9_5.x86_64 1734498769 307190 a83d860c47509c64b4f6c82ff815d54b installed
shadow-utils-2:4.9-10.el9_5.x86_64 1734472062 3816471 99b954d843b4ebcebefd47ffbdd91abe installed
libselinux-utils-3.6-1.el9.x86_64 1712516193 421731 947b17ba4e2e75f5fd460d1c54d20b95 installed
libutempter-1.2.1-6.el9.x86_64 1652703699 59433 c8a01f5605facb680c8781954f73e338 installed
cracklib-dicts-2.9.6-27.el9.x86_64 1654018888 9815154 12acec65b7f9b7b688070dc47712c208 installed
libssh-0.10.4-13.el9.x86_64 1713763564 535899 af8d52632279c55a9d1e5a712e6533a6 installed
cyrus-sasl-lib-2.1.27-21.el9.x86_64 1681491786 2380296 f75fe2d474957477a7aa070621dad34e installed
util-linux-core-2.37.4-20.el9.x86_64 1730939025 1268855 3dcfafc91728dc80fba52f6a01681569 installed
perl-Digest-1.19-4.el9.noarch 1652703818 36844 7acf0ce5dacda32faa23b7d43301750b installed
perl-Digest-MD5-2.58-4.el9.x86_64 1652703781 61530 12bfc64ff312fa435f1de2e068508db2 installed
perl-B-0:1.80-481.el9.x86_64 1713228288 504555 a07440dad94c7b1363259f219810fece installed
perl-FileHandle-0:2.03-481.el9.noarch 1713228288 10529 c2c4a776ff41b6667b628299a0e364ce installed
perl-Data-Dumper-2.174-462.el9.x86_64 1652703890 111885 3aa2e656fe92cf1ed66d60f77aea3fce installed
perl-libnet-3.13-4.el9.noarch 1652267711 299357 5cad22704f22db0d115e4f8d698810a0 installed
perl-base-0:2.27-481.el9.noarch 1713228288 13819 06bf8736b34e994dbf68d45b12117422 installed
perl-AutoLoader-0:5.74-481.el9.noarch 1713228288 22037 8f9f63bea2e8d11442b96550672bd207 installed
perl-URI-5.09-3.el9.noarch 1652704129 216915 1d512155a3508e84fba3d011462e50bc installed
perl-Mozilla-CA-20200520-6.el9.noarch 1652703889 5866 379218f96763af378c71e840443183f8 installed
perl-Text-Tabs+Wrap-2013.0523-460.el9.noarch 1652703807 24828 6038ed059fb2e061a8f24754e6d59676 installed
perl-Pod-Escapes-1:1.07-460.el9.noarch 1652704129 25764 bc30ec7f10e23f50a4e6b4a2a232bc7b installed
perl-if-0:0.60.800-481.el9.noarch 1713228288 6874 224b44a8413cf3c582f82c4f8fc6d2e6 installed
perl-File-Path-2.18-4.el9.noarch 1652267626 65333 0913f114ee7544e2c36b3c1306b3cacd installed
perl-IO-Socket-IP-0.41-5.el9.noarch 1652267587 100240 e15309272bc8233c371974031d4038f4 installed
perl-Time-Local-2:1.300-7.el9.noarch 1652267583 67344 1ceb12a5fab9494f14aeeae4f98974f8 installed
perl-IO-Socket-SSL-2.073-2.el9.noarch 1730761568 616300 cb9d5e58fbe6d47b52744c67b088b98c installed
perl-Net-SSLeay-1.94-1.el9.x86_64 1730760262 1520554 6136bbc16bd1611b290226c1c05b5b25 installed
perl-Term-ANSIColor-5.01-461.el9.noarch 1652704129 100303 6269583276d0a928ad3fca3fe17a56ea installed
perl-POSIX-0:1.94-481.el9.x86_64 1713228288 240147 55fa42773b8ddc7c6b05edf551a23259 installed
perl-Term-Cap-1.17-460.el9.noarch 1652703890 29851 1907857c90d2b95a426abf39cf156412 installed
perl-subs-0:1.03-481.el9.noarch 1713228288 3060 e8640e02ab56f05ac26dceb7e2d7d185 installed
perl-Pod-Simple-1:3.42-4.el9.noarch 1652267663 577293 82d3854aa1de3ebb86a9312a6340e90f installed
perl-IPC-Open3-0:1.21-481.el9.noarch 1713228288 25044 d8fb6c2c7e24accf493c69133248fd69 installed
perl-Class-Struct-0:0.66-481.el9.noarch 1713228288 26954 6c5237f037cb78293e0975409bf9f29c installed
perl-File-Temp-1:0.231.100-4.el9.noarch 1652801313 166550 f59e524679a0053d68e5543e8e7e314f installed
perl-HTTP-Tiny-0.076-462.el9.noarch 1713427031 150675 c0d71e59cd5878a35fb4e106c7f2a7b7 installed
perl-Socket-4:2.031-4.el9.x86_64 1653563160 124985 249702354e9054c64a9e9e44c213ec96 installed
perl-Symbol-0:1.08-481.el9.noarch 1713228288 7846 7cdc30051885be225a5ca6deedf37ec1 installed
perl-SelectSaver-0:1.02-481.el9.noarch 1713228288 3170 02a8b3a2473be4bd5dceee5f8c567ac6 installed
perl-File-stat-0:1.09-481.el9.noarch 1713228288 13948 97486ed650fe7ca9644af389fa96a2ad installed
perl-podlators-1:4.14-460.el9.noarch 1652703807 288742 75c523a2efcbe66c05f7ab55f9c528a8 installed
perl-Pod-Perldoc-3.28.01-461.el9.noarch 1652267564 170960 83cda205537bd2ad32547af109e20f11 installed
perl-Text-ParseWords-3.30-460.el9.noarch 1652267600 13101 f0cff9642d107f0207c44c00e68af130 installed
perl-mro-0:1.23-481.el9.x86_64 1713228288 43587 62d74b5e622e3c78923d045febe7205d installed
perl-Fcntl-0:1.13-481.el9.x86_64 1713228288 30227 3f66f2a7b69fe1c49ebd09cac7750a1b installed
perl-overloading-0:0.02-481.el9.noarch 1713228288 5893 cbfb48ee50ae69d1d4c08980007094b4 installed
perl-IO-0:1.43-481.el9.x86_64 1713228288 163239 ab80d60e75bbae58d650b91ac08a6009 installed
perl-Pod-Usage-4:2.01-4.el9.noarch 1652267606 87186 98f6af2a3d64753ac904d5d9407e878e installed
perl-constant-1.33-461.el9.noarch 1652703807 27104 5ce71c74c1015b01495bb65d073fe87a installed
perl-Scalar-List-Utils-4:1.56-462.el9.x86_64 1730629655 143128 25431cd814537699d04a6bd116464a28 installed
perl-MIME-Base64-3.16-4.el9.x86_64 1652703869 48153 79131d65e200b0c6e64dc18850ff8a06 installed
perl-Errno-0:1.30-481.el9.x86_64 1713228288 9533 404d313a03874809e8a8620ece95b806 installed
perl-vars-0:1.05-481.el9.noarch 1713228288 4926 3e01697c9ce600d7804881eb24e85b73 installed
perl-overload-0:1.31-481.el9.noarch 1713228288 72821 1e0f50423355949936de6cb535a4f673 installed
perl-Getopt-Std-0:1.12-481.el9.noarch 1713228288 12107 a459fe0f92782342813c5ef2d470db08 installed
perl-File-Basename-0:2.85-481.el9.noarch 1713228288 15339 63825a6179e4c64cf413e59f37c70eca installed
perl-Storable-1:3.21-460.el9.x86_64 1652704072 228556 f562f7fa711e68402776f692f3add570 installed
perl-parent-1:0.238-460.el9.noarch 1653563243 9535 cd964be73bdf6940a87b3d0fe0476847 installed
perl-Getopt-Long-1:2.52-4.el9.noarch 1652267711 139937 d27908b132dda891df7dc6951fa2c34b installed
perl-Exporter-5.74-461.el9.noarch 1652267594 55359 c01c2a31a2561b748052cc0463c35215 installed
perl-Carp-1.50-460.el9.noarch 1652703890 47889 681f4c99b5527e73056664a5218266f1 installed
perl-PathTools-3.78-461.el9.x86_64 1652704061 182542 835426614e155f37f1ffa650efe6de40 installed
perl-Encode-4:3.08-462.el9.x86_64 1652703595 10240082 cf3cbbaf60be22194fd1dae2a20da92a installed
perl-libs-4:5.32.1-481.el9.x86_64 1713228288 8958832 671606d9c593864c6e9fd78aeff91031 installed
perl-interpreter-4:5.32.1-481.el9.x86_64 1713228288 120204 e9b7bea54466885d6ae165713cfbba50 installed
kernel-srpm-macros-1.0-13.el9.noarch 1697600815 16918 89f5468b101517dbed0de0f407d06061 installed
openssl-1:3.2.2-6.el9_5.1.x86_64 1739303887 2092394 9ba81c999dd2c1610dba3c3f9b35417e installed
libpwquality-1.4.4-8.el9.x86_64 1653510445 416416 fca0191f7104f50acf34e27c0fb604a8 installed
pam-1.5.1-22.el9_5.x86_64 1732577232 1909534 74f8b143cef59ad44c2afd8564d4142f installed
util-linux-2.37.4-20.el9.x86_64 1730939025 11162557 51a0f48fd45867be797af2b341f1c748 installed
kmod-libs-28-10.el9.x86_64 1730910976 134014 0f7cced08e56b04c6fdd4c74ba51d0fc installed
libevent-2.1.12-8.el9_4.x86_64 1725400962 928090 d9405087fd87d67381a1f397a7e25664 installed
openldap-2.6.6-3.el9.x86_64 1713319535 1082711 8088e125c4b347a295a1cc5213c1fb9e installed
tar-2:1.34-7.el9.x86_64 1730909984 3155451 18b5456e727fdcef81131814a2110d8e installed
patch-2.7.6-16.el9.x86_64 1652704128 265546 bdfc6d2c361a1fc7c381fea53c0a76ac installed
publicsuffix-list-dafsa-20210518-3.el9.noarch 1652444449 68815 d1ed826a6c010597e8edb6dc130b0901 installed
libpsl-0.21.1-5.el9.x86_64 1653510225 78616 cc480e6508a7637917397ee92fede3a0 installed
libcurl-7.76.1-31.el9.x86_64 1730944366 667622 576af575cba11ac51341f0f5cc5a9710 installed
curl-7.76.1-31.el9.x86_64 1730944366 684689 f92b230e316cf16f223842fa83e982d0 installed
rpm-libs-4.16.1.3-34.el9.0.1.x86_64 1730753503 769308 2f186cbdc97d8cb3ed588df5a91b8fe1 installed
rpm-4.16.1.3-34.el9.0.1.x86_64 1730753503 2750728 16a660c21a034de4b8432d2e7c175113 installed
policycoreutils-3.6-2.1.el9.x86_64 1712517645 723679 df811908db7f21e994f2ba849496d4a5 installed
selinux-policy-38.1.45-3.el9_5.noarch 1731466495 25746 52023a710b791f932774b926c3768bf3 installed
selinux-policy-targeted-38.1.45-3.el9_5.noarch 1731466495 19025174 c699ef0182c5f33bbbefc9e982fdfaf0 installed
dbus-1:1.12.20-8.el9.x86_64 1698743024 0 947c1e48cfc869c3dd317e3713324e4d installed
dbus-common-1:1.12.20-8.el9.noarch 1698743008 11394 d786da87871c5a3b8c947939d0753e4a installed
dbus-broker-28-7.el9.x86_64 1667341762 393994 4fae4c80fdf61bf748ad9d76baa31ea6 installed
elfutils-default-yama-scope-0.191-4.el9.noarch 1730574801 1810 85e669c5d1f88a0c78d13e52d570cc23 installed
elfutils-libs-0.191-4.el9.x86_64 1730574801 714445 da1da97d2407aba363aa062e06d4e542 installed
elfutils-debuginfod-client-0.191-4.el9.x86_64 1730574801 61684 b7176ae8998791ecabeb2c3855162efa installed
binutils-gold-2.35.2-54.el9.x86_64 1730536483 2129299 03353cac35a1e6792ee7baffeeb5ae1b installed
binutils-2.35.2-54.el9.x86_64 1730536483 25208468 c7237019549ba2440ffc0ecb5dd9a2df installed
elfutils-0.191-4.el9.x86_64 1730574801 2952274 38ddc2e39ff4d0ab4ef4fa959a10a6f9 installed
gdb-minimal-14.2-3.el9.x86_64 1730539448 13952732 987171c3529c2892f6316df1e1153248 installed
debugedit-5.0-5.el9.x86_64 1713344095 193970 f5280b693929fc96afff319b687f681f installed
rpm-build-libs-4.16.1.3-34.el9.0.1.x86_64 1730753503 198550 2527ae239b58c6e5fa81c737c18c8133 installed
efi-srpm-macros-6-2.el9_0.noarch 1653178850 41043 54ec93ffc50a97134d68cad135ce9d80 installed
lua-srpm-macros-1-6.el9.noarch 1652484897 1314 870f5bd7a9f316ac2a42d6cda3bc6d41 installed
python-srpm-macros-3.9-54.el9.noarch 1730432328 37605 69d130ef9a21da361859ceeacf238881 installed
fonts-srpm-macros-1:2.0.5-7.el9.1.noarch 1652446192 56503 356003bd30cda7187d766cba0c547d8c installed
go-srpm-macros-3.6.0-3.el9.noarch 1730432606 62484 51739be1d17536bc74418106e3188703 installed
redhat-rpm-config-208-1.el9.noarch 1730443147 191472 4721770a43d0985545df9aa931d1ef21 installed
rpm-build-4.16.1.3-34.el9.0.1.x86_64 1730753503 150063 959e3ce66062a718011c4937e0e47126 installed
pyproject-srpm-macros-1.12.0-1.el9.noarch 1712042607 1514 30226006744a48c94db34edf420a01fc installed
forge-srpm-macros-0.4.0-1.el9.noarch 1734482734 39887 ea3941239b8d23843851199df44e82b4 installed
go-srpm-macros-epel-3.6.0.1-1.el9.noarch 1734482401 63439 2fdb464591150ec064b279b0bff67e28 installed
net-tools-2.0-0.64.20160912git.el9.x86_64 1730761200 927420 ac519c655eeebb7ee75e9674463d3f01 installed
rpm-plugin-selinux-4.16.1.3-34.el9.0.1.x86_64 1730753503 15988 c6fb3f8aa55a15c994b48d9d09da25d4 installed
which-2.21-29.el9.x86_64 1698296559 81813 c6d630ed83edc5a755b0ef0a6352185c installed
systemd-libs-252-46.el9_5.3.x86_64 1742300775 1807256 c64a0f7bb4548ef533162c918c26c849 installed
systemd-rpm-macros-252-46.el9_5.3.noarch 1742300775 10405 3da474d0f564037a664a045bd533c659 installed
systemd-pam-252-46.el9_5.3.x86_64 1742300775 518491 c56873e91df87cc10a72782b9a8e2684 installed
systemd-252-46.el9_5.3.x86_64 1742300775 12863993 02ba33c600f68e8b4ab1b58a937e6659 installed
unzip-6.0-58.el9_5.x86_64 1742301778 399051 098b56c5707f48e1853130fe8bbd0442 installed
libxml2-2.9.13-6.el9_5.2.x86_64 1741823335 1955684 5718f243a59afc377007eb131158f3e8 installed
tzdata-2025b-1.el9.noarch 1743436083 1664708 792dbdad973937bf25e41e1ec851c36e installed
expat-2.5.0-3.el9_5.3.x86_64 1743627570 309426 2b1dc7c203daa518f5529b4b0938e65d installed
rocky-gpg-keys-9.5-1.3.el9.noarch 1744406523 4909 fa69436fd047451224471fb5e7723d17 installed
rocky-release-9.5-1.3.el9.noarch 1744406523 22706 9a9860e22e59de444ba04f9733d82d5f installed
rocky-repos-9.5-1.3.el9.noarch 1744406523 15811 bcf7ef443290bd886a75eb69d53623d1 installed
glibc-gconv-extra-2.34-125.el9_5.8.x86_64 1745856892 8160940 7310acb9a1b36208fc21190e359ca81e installed
glibc-common-2.34-125.el9_5.8.x86_64 1745856892 1083665 7ab5394564c30b1cd0b4926ce85c13b8 installed
glibc-2.34-125.el9_5.8.x86_64 1745856892 6425971 a0f511ab5492de6f5f4e2d3638c9db15 installed
glibc-minimal-langpack-2.34-125.el9_5.8.x86_64 1745856892 0 42645cb8307fbc1d75580d73fd1c9366 installed
rpmautospec-rpm-macros-0.8.1-11.el9.noarch 1745336401 707 bd01e028254df2435826d4e9db3845a5 installed
epel-rpm-macros-9-16.el9.noarch 1746219238 18734 08bc44b47294de4d88c4049d9ea3290a installed
libcom_err-1.46.5-6.el9_5.x86_64 1747061897 68513 e9608571b8610c4607b33292eccb422f installed
libmpc-1.2.1-4.el9.x86_64 1652484974 138637 9d370c48a81c56b99bdb7c4d0aae607e installed
cmake-filesystem-3.26.5-2.el9.x86_64 1713154797 0 2a986a1e109d2d3fb155599dd2d8f328 installed
make-1:4.3-8.el9.x86_64 1713688249 1719814 8cb0facf22181efda18b2ad4f29ce8a2 installed
cpp-11.5.0-5.el9_5.x86_64 1739365842 30641766 037fc49984f9c96244935a8297dfe26b installed
kernel-headers-5.14.0-503.40.1.el9_5.x86_64 1746032012 6336588 3d7e4b27f15c8d537d3b3d8360fb5ea4 installed
glibc-headers-2.34-125.el9_5.8.x86_64 1745856892 2169938 eedaecdfab2bd4612c5917d398737a7e installed
glibc-devel-2.34-125.el9_5.8.x86_64 1745856892 39056 aa973304012e110ef992dbe0ac362b14 installed
libxcrypt-devel-4.4.18-3.el9.x86_64 1653510262 31019 fda458b53a75fcd4b21c7f7e2b02e461 installed
gcc-11.5.0-5.el9_5.x86_64 1739365842 89844785 8c4f549bc4eb8baec3d8d59e7361214e installed
libstdc++-devel-11.5.0-5.el9_5.x86_64 1739365842 13578312 eb1909d995a67f314898f97b0265db97 installed
emacs-filesystem-1:27.2-11.el9_5.2.noarch 1747062317 0 4029038228488a772e9a01079cde1782 installed
libuv-1:1.42.0-2.el9_4.x86_64 1721790041 405176 6f867a758c48a3c43b801484682932f4 installed
vim-filesystem-2:8.2.2637-21.el9.noarch 1730829927 40 9385a8008fc46bf1fb202b1293002324 installed
libedit-3.1-38.20210216cvs.el9.x86_64 1698867426 251839 82d03f76417695578b5140e36da31fb2 installed
llvm-libs-18.1.8-3.el9.x86_64 1730478923 107400252 17ab4498b8b6727d7dbb163f3d237038 installed
python3-setuptools-wheel-53.0.0-13.el9.noarch 1730746975 562606 82fc67c5c78d4b95ae1cf071b917e485 installed
python3-pip-wheel-21.3.1-1.el9.noarch 1730650703 1232804 a3d61a41cd4b76c13e2b6b2c6df65455 installed
python3-3.9.21-1.el9_5.x86_64 1734023321 33021 805aff13ed75c011e385b6495b531efe installed
python3-libs-3.9.21-1.el9_5.x86_64 1734023321 33062765 2b214182f1a670674df8c323ba6b0c19 installed
cmake-rpm-macros-3.26.5-2.el9.noarch 1713154797 7849 675f211747b1c05bf8aa4445fa7ce224 installed
cmake-data-3.26.5-2.el9.noarch 1713154797 8050850 0f23655e5076aae1ce9a177a3f173886 installed
cmake-3.26.5-2.el9.x86_64 1713154797 32255764 de487489345a6a1c2830a71050c74bf7 installed
annobin-12.65-1.el9.x86_64 1730535098 1185410 721bbd0dc39bc7efdcbed2431df92974 installed
gcc-c++-11.5.0-5.el9_5.x86_64 1739365842 33800294 bad77d375427fb0725abdec06373f017 installed
gcc-plugin-annobin-11.5.0-5.el9_5.x86_64 1739365842 57754 4a86ec1d8e606797736aa8aeb212c7e5 installed
libcurl-devel-7.76.1-31.el9.x86_64 1730944366 1449341 0a3f1c5c3f3f9d0ca85b53f7287633fa installed
openssl-devel-1:3.2.2-6.el9_5.1.x86_64 1739303887 5180011 08866398e9b21fcd509663c1e30624e3 installed
